The target system is: Linux -  - aarch64
The host system is: Linux - 5.15.0-46-generic - x86_64
Compiling the CXX compiler identification source file "CMakeCXXCompilerId.cpp" succeeded.
Compiler: /home/iwedia-cps/sdk_telechips/sysroots/x86_64-oesdk-linux/usr/bin/aarch64-telechips-linux/aarch64-telechips-linux-g++ 
Build flags: ;-O2;-pipe;-g;-feliminate-unused-debug-types;
Id flags: -c 

The output was:
0


Compilation of the CXX compiler identification source "CMakeCXXCompilerId.cpp" produced "CMakeCXXCompilerId.o"

The CXX compiler identification is GNU, found in "/home/iwedia-cps/ivi-homescreen/build/CMakeFiles/3.16.3/CompilerIdCXX/CMakeCXXCompilerId.o"

Compiling the C compiler identification source file "CMakeCCompilerId.c" succeeded.
Compiler: /home/iwedia-cps/sdk_telechips/sysroots/x86_64-oesdk-linux/usr/bin/aarch64-telechips-linux/aarch64-telechips-linux-gcc 
Build flags: ;-O2;-pipe;-g;-feliminate-unused-debug-types;
Id flags: -c 

The output was:
0


Compilation of the C compiler identification source "CMakeCCompilerId.c" produced "CMakeCCompilerId.o"

The C compiler identification is GNU, found in "/home/iwedia-cps/ivi-homescreen/build/CMakeFiles/3.16.3/CompilerIdC/CMakeCCompilerId.o"

Determining if the CXX compiler works passed with the following output:
Change Dir: /home/iwedia-cps/ivi-homescreen/build/CMakeFiles/CMakeTmp

Run Build Command(s):/usr/bin/make cmTC_df971/fast && /usr/bin/make -f CMakeFiles/cmTC_df971.dir/build.make CMakeFiles/cmTC_df971.dir/build
make[1]: Entering directory '/home/iwedia-cps/ivi-homescreen/build/CMakeFiles/CMakeTmp'
Building CXX object CMakeFiles/cmTC_df971.dir/testCXXCompiler.cxx.o
/home/iwedia-cps/sdk_telechips/sysroots/x86_64-oesdk-linux/usr/bin/aarch64-telechips-linux/aarch64-telechips-linux-g++ --sysroot=/home/iwedia-cps/sdk_telechips/sysroots/aarch64-telechips-linux    -O2 -pipe -g -feliminate-unused-debug-types    -o CMakeFiles/cmTC_df971.dir/testCXXCompiler.cxx.o -c /home/iwedia-cps/ivi-homescreen/build/CMakeFiles/CMakeTmp/testCXXCompiler.cxx
Linking CXX executable cmTC_df971
/usr/bin/cmake -E cmake_link_script CMakeFiles/cmTC_df971.dir/link.txt --verbose=1
/home/iwedia-cps/sdk_telechips/sysroots/x86_64-oesdk-linux/usr/bin/aarch64-telechips-linux/aarch64-telechips-linux-g++ --sysroot=/home/iwedia-cps/sdk_telechips/sysroots/aarch64-telechips-linux  -O2 -pipe -g -feliminate-unused-debug-types   -Wl,-O1 -Wl,--hash-style=gnu -Wl,--as-needed -fstack-protector-strong -Wl,-z,relro,-z,now  CMakeFiles/cmTC_df971.dir/testCXXCompiler.cxx.o  -o cmTC_df971 
make[1]: Leaving directory '/home/iwedia-cps/ivi-homescreen/build/CMakeFiles/CMakeTmp'



Detecting CXX compiler ABI info compiled with the following output:
Change Dir: /home/iwedia-cps/ivi-homescreen/build/CMakeFiles/CMakeTmp

Run Build Command(s):/usr/bin/make cmTC_2a844/fast && /usr/bin/make -f CMakeFiles/cmTC_2a844.dir/build.make CMakeFiles/cmTC_2a844.dir/build
make[1]: Entering directory '/home/iwedia-cps/ivi-homescreen/build/CMakeFiles/CMakeTmp'
Building CXX object CMakeFiles/cmTC_2a844.dir/CMakeCXXCompilerABI.cpp.o
/home/iwedia-cps/sdk_telechips/sysroots/x86_64-oesdk-linux/usr/bin/aarch64-telechips-linux/aarch64-telechips-linux-g++ --sysroot=/home/iwedia-cps/sdk_telechips/sysroots/aarch64-telechips-linux    -O2 -pipe -g -feliminate-unused-debug-types    -v -o CMakeFiles/cmTC_2a844.dir/CMakeCXXCompilerABI.cpp.o -c /usr/share/cmake-3.16/Modules/CMakeCXXCompilerABI.cpp
Using built-in specs.
COLLECT_GCC=/home/iwedia-cps/sdk_telechips/sysroots/x86_64-oesdk-linux/usr/bin/aarch64-telechips-linux/aarch64-telechips-linux-g++
Target: aarch64-telechips-linux
Configured with: ../../../../../../work-shared/gcc-arm-9.2-r2019.12/gcc-arm-src-snapshot-9.2-2019.12/configure --build=x86_64-linux --host=x86_64-oesdk-linux --target=aarch64-telechips-linux --prefix=/opt/poky-telechips/nodistro.0/sysroots/x86_64-oesdk-linux/usr --exec_prefix=/opt/poky-telechips/nodistro.0/sysroots/x86_64-oesdk-linux/usr --bindir=/opt/poky-telechips/nodistro.0/sysroots/x86_64-oesdk-linux/usr/bin/aarch64-telechips-linux --sbindir=/opt/poky-telechips/nodistro.0/sysroots/x86_64-oesdk-linux/usr/bin/aarch64-telechips-linux --libexecdir=/opt/poky-telechips/nodistro.0/sysroots/x86_64-oesdk-linux/usr/libexec/aarch64-telechips-linux --datadir=/opt/poky-telechips/nodistro.0/sysroots/x86_64-oesdk-linux/usr/share --sysconfdir=/opt/poky-telechips/nodistro.0/sysroots/x86_64-oesdk-linux/etc --sharedstatedir=/opt/poky-telechips/nodistro.0/sysroots/x86_64-oesdk-linux/com --localstatedir=/opt/poky-telechips/nodistro.0/sysroots/x86_64-oesdk-linux/var --libdir=/opt/poky-telechips/nodistro.0/sysroots/x86_64-oesdk-linux/usr/lib/aarch64-telechips-linux --includedir=/opt/poky-telechips/nodistro.0/sysroots/x86_64-oesdk-linux/usr/include --oldincludedir=/opt/poky-telechips/nodistro.0/sysroots/x86_64-oesdk-linux/usr/include --infodir=/opt/poky-telechips/nodistro.0/sysroots/x86_64-oesdk-linux/usr/share/info --mandir=/opt/poky-telechips/nodistro.0/sysroots/x86_64-oesdk-linux/usr/share/man --disable-silent-rules --disable-dependency-tracking --with-libtool-sysroot=/home/workareas/civcic/build-autolinux/build/tcc8050-sub/tmp/work/x86_64-nativesdk-oesdk-linux/gcc-cross-canadian-aarch64/arm-9.2-r2019.12/recipe-sysroot --with-gnu-ld --enable-shared --enable-languages=c,c++ --enable-threads=posix --enable-multilib --enable-default-pie --enable-c99 --enable-long-long --enable-symvers=gnu --enable-libstdcxx-pch --program-prefix=aarch64-telechips-linux- --without-local-prefix --disable-install-libiberty --enable-lto --disable-libssp --enable-libitm --disable-bootstrap --disable-libmudflap --with-system-zlib --with-linker-hash-style=gnu --enable-linker-build-id --with-ppl=no --with-cloog=no --enable-checking=release --enable-cheaders=c_global --without-isl --with-gxx-include-dir=/not/exist/usr/include/c++/9.2.1 --with-build-time-tools=/home/workareas/civcic/build-autolinux/build/tcc8050-sub/tmp/work/x86_64-nativesdk-oesdk-linux/gcc-cross-canadian-aarch64/arm-9.2-r2019.12/recipe-sysroot-native/usr/aarch64-telechips-linux/bin --with-sysroot=/not/exist --with-build-sysroot=/home/workareas/civcic/build-autolinux/build/tcc8050-sub/tmp/work/x86_64-nativesdk-oesdk-linux/gcc-cross-canadian-aarch64/arm-9.2-r2019.12/recipe-sysroot --enable-poison-system-directories --disable-static --enable-nls --with-glibc-version=2.28 --enable-initfini-array --enable-__cxa_atexit
Thread model: posix
gcc version 9.2.1 20191025 (GCC) 
COLLECT_GCC_OPTIONS='--sysroot=/home/iwedia-cps/sdk_telechips/sysroots/aarch64-telechips-linux' '-O2' '-pipe' '-g' '-feliminate-unused-debug-types' '-v' '-o' 'CMakeFiles/cmTC_2a844.dir/CMakeCXXCompilerABI.cpp.o' '-c' '-shared-libgcc' '-mlittle-endian' '-mabi=lp64'
 /home/iwedia-cps/sdk_telechips/sysroots/x86_64-oesdk-linux/usr/libexec/aarch64-telechips-linux/gcc/aarch64-telechips-linux/9.2.1/cc1plus -quiet -v -isysroot /home/iwedia-cps/sdk_telechips/sysroots/aarch64-telechips-linux -D_GNU_SOURCE /usr/share/cmake-3.16/Modules/CMakeCXXCompilerABI.cpp -quiet -dumpbase CMakeCXXCompilerABI.cpp -mlittle-endian -mabi=lp64 -auxbase-strip CMakeFiles/cmTC_2a844.dir/CMakeCXXCompilerABI.cpp.o -g -O2 -version -feliminate-unused-debug-types -o - |
 /home/iwedia-cps/sdk_telechips/sysroots/x86_64-oesdk-linux/usr/libexec/aarch64-telechips-linux/gcc/aarch64-telechips-linux/9.2.1/as -v -EL -mabi=lp64 -o CMakeFiles/cmTC_2a844.dir/CMakeCXXCompilerABI.cpp.o
GNU assembler version 2.34.0 (aarch64-telechips-linux) using BFD version (GNU Binutils) 2.34.0.20200220
GNU C++14 (GCC) version 9.2.1 20191025 (aarch64-telechips-linux)
	compiled by GNU C version 9.2.1 20191025, GMP version 6.2.0, MPFR version 4.0.2, MPC version 1.1.0, isl version none
GGC heuristics: --param ggc-min-expand=100 --param ggc-min-heapsize=131072
ignoring nonexistent directory "/home/iwedia-cps/sdk_telechips/sysroots/aarch64-telechips-linux/usr/lib/aarch64-telechips-linux/9.2.1/include"
ignoring nonexistent directory "/home/iwedia-cps/sdk_telechips/sysroots/aarch64-telechips-linux/usr/local/include"
ignoring nonexistent directory "/home/iwedia-cps/sdk_telechips/sysroots/x86_64-oesdk-linux/usr/lib/aarch64-telechips-linux/gcc/aarch64-telechips-linux/9.2.1/../../../../../aarch64-telechips-linux/include"
#include "..." search starts here:
#include <...> search starts here:
 /home/iwedia-cps/sdk_telechips/sysroots/aarch64-telechips-linux/usr/include/c++/9.2.1
 /home/iwedia-cps/sdk_telechips/sysroots/aarch64-telechips-linux/usr/include/c++/9.2.1/aarch64-telechips-linux
 /home/iwedia-cps/sdk_telechips/sysroots/aarch64-telechips-linux/usr/include/c++/9.2.1/backward
 /home/iwedia-cps/sdk_telechips/sysroots/x86_64-oesdk-linux/usr/lib/aarch64-telechips-linux/gcc/aarch64-telechips-linux/9.2.1/include
 /home/iwedia-cps/sdk_telechips/sysroots/x86_64-oesdk-linux/usr/lib/aarch64-telechips-linux/gcc/aarch64-telechips-linux/9.2.1/include-fixed
 /home/iwedia-cps/sdk_telechips/sysroots/aarch64-telechips-linux/usr/include/
End of search list.
GNU C++14 (GCC) version 9.2.1 20191025 (aarch64-telechips-linux)
	compiled by GNU C version 9.2.1 20191025, GMP version 6.2.0, MPFR version 4.0.2, MPC version 1.1.0, isl version none
GGC heuristics: --param ggc-min-expand=100 --param ggc-min-heapsize=131072
Compiler executable checksum: 15f95b3abf34fbc174732ef140e69c71
COMPILER_PATH=/home/iwedia-cps/sdk_telechips/sysroots/x86_64-oesdk-linux/usr/libexec/aarch64-telechips-linux/gcc/aarch64-telechips-linux/9.2.1/:/home/iwedia-cps/sdk_telechips/sysroots/x86_64-oesdk-linux/usr/libexec/aarch64-telechips-linux/gcc/aarch64-telechips-linux/9.2.1/:/home/iwedia-cps/sdk_telechips/sysroots/x86_64-oesdk-linux/usr/libexec/aarch64-telechips-linux/gcc/aarch64-telechips-linux/:/home/iwedia-cps/sdk_telechips/sysroots/x86_64-oesdk-linux/usr/lib/aarch64-telechips-linux/gcc/aarch64-telechips-linux/9.2.1/:/home/iwedia-cps/sdk_telechips/sysroots/x86_64-oesdk-linux/usr/lib/aarch64-telechips-linux/gcc/aarch64-telechips-linux/
LIBRARY_PATH=/home/iwedia-cps/sdk_telechips/sysroots/x86_64-oesdk-linux/usr/lib/aarch64-telechips-linux/gcc/aarch64-telechips-linux/9.2.1/:/home/iwedia-cps/sdk_telechips/sysroots/aarch64-telechips-linux/lib/:/home/iwedia-cps/sdk_telechips/sysroots/aarch64-telechips-linux/usr/lib/aarch64-telechips-linux/9.2.1/:/home/iwedia-cps/sdk_telechips/sysroots/aarch64-telechips-linux/usr/lib/
COLLECT_GCC_OPTIONS='--sysroot=/home/iwedia-cps/sdk_telechips/sysroots/aarch64-telechips-linux' '-O2' '-pipe' '-g' '-feliminate-unused-debug-types' '-v' '-o' 'CMakeFiles/cmTC_2a844.dir/CMakeCXXCompilerABI.cpp.o' '-c' '-shared-libgcc' '-mlittle-endian' '-mabi=lp64'
Linking CXX executable cmTC_2a844
/usr/bin/cmake -E cmake_link_script CMakeFiles/cmTC_2a844.dir/link.txt --verbose=1
/home/iwedia-cps/sdk_telechips/sysroots/x86_64-oesdk-linux/usr/bin/aarch64-telechips-linux/aarch64-telechips-linux-g++ --sysroot=/home/iwedia-cps/sdk_telechips/sysroots/aarch64-telechips-linux  -O2 -pipe -g -feliminate-unused-debug-types   -Wl,-O1 -Wl,--hash-style=gnu -Wl,--as-needed -fstack-protector-strong -Wl,-z,relro,-z,now -v CMakeFiles/cmTC_2a844.dir/CMakeCXXCompilerABI.cpp.o  -o cmTC_2a844 
Using built-in specs.
COLLECT_GCC=/home/iwedia-cps/sdk_telechips/sysroots/x86_64-oesdk-linux/usr/bin/aarch64-telechips-linux/aarch64-telechips-linux-g++
COLLECT_LTO_WRAPPER=/home/iwedia-cps/sdk_telechips/sysroots/x86_64-oesdk-linux/usr/libexec/aarch64-telechips-linux/gcc/aarch64-telechips-linux/9.2.1/lto-wrapper
Target: aarch64-telechips-linux
Configured with: ../../../../../../work-shared/gcc-arm-9.2-r2019.12/gcc-arm-src-snapshot-9.2-2019.12/configure --build=x86_64-linux --host=x86_64-oesdk-linux --target=aarch64-telechips-linux --prefix=/opt/poky-telechips/nodistro.0/sysroots/x86_64-oesdk-linux/usr --exec_prefix=/opt/poky-telechips/nodistro.0/sysroots/x86_64-oesdk-linux/usr --bindir=/opt/poky-telechips/nodistro.0/sysroots/x86_64-oesdk-linux/usr/bin/aarch64-telechips-linux --sbindir=/opt/poky-telechips/nodistro.0/sysroots/x86_64-oesdk-linux/usr/bin/aarch64-telechips-linux --libexecdir=/opt/poky-telechips/nodistro.0/sysroots/x86_64-oesdk-linux/usr/libexec/aarch64-telechips-linux --datadir=/opt/poky-telechips/nodistro.0/sysroots/x86_64-oesdk-linux/usr/share --sysconfdir=/opt/poky-telechips/nodistro.0/sysroots/x86_64-oesdk-linux/etc --sharedstatedir=/opt/poky-telechips/nodistro.0/sysroots/x86_64-oesdk-linux/com --localstatedir=/opt/poky-telechips/nodistro.0/sysroots/x86_64-oesdk-linux/var --libdir=/opt/poky-telechips/nodistro.0/sysroots/x86_64-oesdk-linux/usr/lib/aarch64-telechips-linux --includedir=/opt/poky-telechips/nodistro.0/sysroots/x86_64-oesdk-linux/usr/include --oldincludedir=/opt/poky-telechips/nodistro.0/sysroots/x86_64-oesdk-linux/usr/include --infodir=/opt/poky-telechips/nodistro.0/sysroots/x86_64-oesdk-linux/usr/share/info --mandir=/opt/poky-telechips/nodistro.0/sysroots/x86_64-oesdk-linux/usr/share/man --disable-silent-rules --disable-dependency-tracking --with-libtool-sysroot=/home/workareas/civcic/build-autolinux/build/tcc8050-sub/tmp/work/x86_64-nativesdk-oesdk-linux/gcc-cross-canadian-aarch64/arm-9.2-r2019.12/recipe-sysroot --with-gnu-ld --enable-shared --enable-languages=c,c++ --enable-threads=posix --enable-multilib --enable-default-pie --enable-c99 --enable-long-long --enable-symvers=gnu --enable-libstdcxx-pch --program-prefix=aarch64-telechips-linux- --without-local-prefix --disable-install-libiberty --enable-lto --disable-libssp --enable-libitm --disable-bootstrap --disable-libmudflap --with-system-zlib --with-linker-hash-style=gnu --enable-linker-build-id --with-ppl=no --with-cloog=no --enable-checking=release --enable-cheaders=c_global --without-isl --with-gxx-include-dir=/not/exist/usr/include/c++/9.2.1 --with-build-time-tools=/home/workareas/civcic/build-autolinux/build/tcc8050-sub/tmp/work/x86_64-nativesdk-oesdk-linux/gcc-cross-canadian-aarch64/arm-9.2-r2019.12/recipe-sysroot-native/usr/aarch64-telechips-linux/bin --with-sysroot=/not/exist --with-build-sysroot=/home/workareas/civcic/build-autolinux/build/tcc8050-sub/tmp/work/x86_64-nativesdk-oesdk-linux/gcc-cross-canadian-aarch64/arm-9.2-r2019.12/recipe-sysroot --enable-poison-system-directories --disable-static --enable-nls --with-glibc-version=2.28 --enable-initfini-array --enable-__cxa_atexit
Thread model: posix
gcc version 9.2.1 20191025 (GCC) 
COMPILER_PATH=/home/iwedia-cps/sdk_telechips/sysroots/x86_64-oesdk-linux/usr/libexec/aarch64-telechips-linux/gcc/aarch64-telechips-linux/9.2.1/:/home/iwedia-cps/sdk_telechips/sysroots/x86_64-oesdk-linux/usr/libexec/aarch64-telechips-linux/gcc/aarch64-telechips-linux/9.2.1/:/home/iwedia-cps/sdk_telechips/sysroots/x86_64-oesdk-linux/usr/libexec/aarch64-telechips-linux/gcc/aarch64-telechips-linux/:/home/iwedia-cps/sdk_telechips/sysroots/x86_64-oesdk-linux/usr/lib/aarch64-telechips-linux/gcc/aarch64-telechips-linux/9.2.1/:/home/iwedia-cps/sdk_telechips/sysroots/x86_64-oesdk-linux/usr/lib/aarch64-telechips-linux/gcc/aarch64-telechips-linux/
LIBRARY_PATH=/home/iwedia-cps/sdk_telechips/sysroots/x86_64-oesdk-linux/usr/lib/aarch64-telechips-linux/gcc/aarch64-telechips-linux/9.2.1/:/home/iwedia-cps/sdk_telechips/sysroots/aarch64-telechips-linux/lib/:/home/iwedia-cps/sdk_telechips/sysroots/aarch64-telechips-linux/usr/lib/aarch64-telechips-linux/9.2.1/:/home/iwedia-cps/sdk_telechips/sysroots/aarch64-telechips-linux/usr/lib/
COLLECT_GCC_OPTIONS='--sysroot=/home/iwedia-cps/sdk_telechips/sysroots/aarch64-telechips-linux' '-O2' '-pipe' '-g' '-feliminate-unused-debug-types' '-fstack-protector-strong' '-v' '-o' 'cmTC_2a844' '-shared-libgcc' '-mlittle-endian' '-mabi=lp64'
 /home/iwedia-cps/sdk_telechips/sysroots/x86_64-oesdk-linux/usr/libexec/aarch64-telechips-linux/gcc/aarch64-telechips-linux/9.2.1/collect2 -plugin /home/iwedia-cps/sdk_telechips/sysroots/x86_64-oesdk-linux/usr/libexec/aarch64-telechips-linux/gcc/aarch64-telechips-linux/9.2.1/liblto_plugin.so -plugin-opt=/home/iwedia-cps/sdk_telechips/sysroots/x86_64-oesdk-linux/usr/libexec/aarch64-telechips-linux/gcc/aarch64-telechips-linux/9.2.1/lto-wrapper -plugin-opt=-fresolution=/tmp/ccuFZeiQ.res -plugin-opt=-pass-through=-lgcc_s -plugin-opt=-pass-through=-lgcc -plugin-opt=-pass-through=-lc -plugin-opt=-pass-through=-lgcc_s -plugin-opt=-pass-through=-lgcc --sysroot=/home/iwedia-cps/sdk_telechips/sysroots/aarch64-telechips-linux --build-id --eh-frame-hdr --hash-style=gnu -dynamic-linker /lib/ld-linux-aarch64.so.1 -X -EL -maarch64linux -pie -o cmTC_2a844 /home/iwedia-cps/sdk_telechips/sysroots/aarch64-telechips-linux/usr/lib/Scrt1.o /home/iwedia-cps/sdk_telechips/sysroots/aarch64-telechips-linux/usr/lib/crti.o /home/iwedia-cps/sdk_telechips/sysroots/aarch64-telechips-linux/usr/lib/aarch64-telechips-linux/9.2.1/crtbeginS.o -L/home/iwedia-cps/sdk_telechips/sysroots/x86_64-oesdk-linux/usr/lib/aarch64-telechips-linux/gcc/aarch64-telechips-linux/9.2.1 -L/home/iwedia-cps/sdk_telechips/sysroots/aarch64-telechips-linux/lib -L/home/iwedia-cps/sdk_telechips/sysroots/aarch64-telechips-linux/usr/lib/aarch64-telechips-linux/9.2.1 -L/home/iwedia-cps/sdk_telechips/sysroots/aarch64-telechips-linux/usr/lib -O1 --hash-style=gnu --as-needed -z relro -z now CMakeFiles/cmTC_2a844.dir/CMakeCXXCompilerABI.cpp.o -lstdc++ -lm -lgcc_s -lgcc -lc -lgcc_s -lgcc /home/iwedia-cps/sdk_telechips/sysroots/aarch64-telechips-linux/usr/lib/aarch64-telechips-linux/9.2.1/crtendS.o /home/iwedia-cps/sdk_telechips/sysroots/aarch64-telechips-linux/usr/lib/crtn.o
COLLECT_GCC_OPTIONS='--sysroot=/home/iwedia-cps/sdk_telechips/sysroots/aarch64-telechips-linux' '-O2' '-pipe' '-g' '-feliminate-unused-debug-types' '-fstack-protector-strong' '-v' '-o' 'cmTC_2a844' '-shared-libgcc' '-mlittle-endian' '-mabi=lp64'
make[1]: Leaving directory '/home/iwedia-cps/ivi-homescreen/build/CMakeFiles/CMakeTmp'



Parsed CXX implicit include dir info from above output: rv=done
  found start of include info
  found start of implicit include info
    add: [/home/iwedia-cps/sdk_telechips/sysroots/aarch64-telechips-linux/usr/include/c++/9.2.1]
    add: [/home/iwedia-cps/sdk_telechips/sysroots/aarch64-telechips-linux/usr/include/c++/9.2.1/aarch64-telechips-linux]
    add: [/home/iwedia-cps/sdk_telechips/sysroots/aarch64-telechips-linux/usr/include/c++/9.2.1/backward]
    add: [/home/iwedia-cps/sdk_telechips/sysroots/x86_64-oesdk-linux/usr/lib/aarch64-telechips-linux/gcc/aarch64-telechips-linux/9.2.1/include]
    add: [/home/iwedia-cps/sdk_telechips/sysroots/x86_64-oesdk-linux/usr/lib/aarch64-telechips-linux/gcc/aarch64-telechips-linux/9.2.1/include-fixed]
    add: [/home/iwedia-cps/sdk_telechips/sysroots/aarch64-telechips-linux/usr/include/]
  end of search list found
  collapse include dir [/home/iwedia-cps/sdk_telechips/sysroots/aarch64-telechips-linux/usr/include/c++/9.2.1] ==> [/home/iwedia-cps/sdk_telechips/sysroots/aarch64-telechips-linux/usr/include/c++/9.2.1]
  collapse include dir [/home/iwedia-cps/sdk_telechips/sysroots/aarch64-telechips-linux/usr/include/c++/9.2.1/aarch64-telechips-linux] ==> [/home/iwedia-cps/sdk_telechips/sysroots/aarch64-telechips-linux/usr/include/c++/9.2.1/aarch64-telechips-linux]
  collapse include dir [/home/iwedia-cps/sdk_telechips/sysroots/aarch64-telechips-linux/usr/include/c++/9.2.1/backward] ==> [/home/iwedia-cps/sdk_telechips/sysroots/aarch64-telechips-linux/usr/include/c++/9.2.1/backward]
  collapse include dir [/home/iwedia-cps/sdk_telechips/sysroots/x86_64-oesdk-linux/usr/lib/aarch64-telechips-linux/gcc/aarch64-telechips-linux/9.2.1/include] ==> [/home/iwedia-cps/sdk_telechips/sysroots/x86_64-oesdk-linux/usr/lib/aarch64-telechips-linux/gcc/aarch64-telechips-linux/9.2.1/include]
  collapse include dir [/home/iwedia-cps/sdk_telechips/sysroots/x86_64-oesdk-linux/usr/lib/aarch64-telechips-linux/gcc/aarch64-telechips-linux/9.2.1/include-fixed] ==> [/home/iwedia-cps/sdk_telechips/sysroots/x86_64-oesdk-linux/usr/lib/aarch64-telechips-linux/gcc/aarch64-telechips-linux/9.2.1/include-fixed]
  collapse include dir [/home/iwedia-cps/sdk_telechips/sysroots/aarch64-telechips-linux/usr/include/] ==> [/home/iwedia-cps/sdk_telechips/sysroots/aarch64-telechips-linux/usr/include]
  implicit include dirs: [/home/iwedia-cps/sdk_telechips/sysroots/aarch64-telechips-linux/usr/include/c++/9.2.1;/home/iwedia-cps/sdk_telechips/sysroots/aarch64-telechips-linux/usr/include/c++/9.2.1/aarch64-telechips-linux;/home/iwedia-cps/sdk_telechips/sysroots/aarch64-telechips-linux/usr/include/c++/9.2.1/backward;/home/iwedia-cps/sdk_telechips/sysroots/x86_64-oesdk-linux/usr/lib/aarch64-telechips-linux/gcc/aarch64-telechips-linux/9.2.1/include;/home/iwedia-cps/sdk_telechips/sysroots/x86_64-oesdk-linux/usr/lib/aarch64-telechips-linux/gcc/aarch64-telechips-linux/9.2.1/include-fixed;/home/iwedia-cps/sdk_telechips/sysroots/aarch64-telechips-linux/usr/include]


Parsed CXX implicit link information from above output:
  link line regex: [^( *|.*[/\])(aarch64-telechips-linux-ld|CMAKE_LINK_STARTFILE-NOTFOUND|([^/\]+-)?ld|collect2)[^/\]*( |$)]
  ignore line: [Change Dir: /home/iwedia-cps/ivi-homescreen/build/CMakeFiles/CMakeTmp]
  ignore line: []
  ignore line: [Run Build Command(s):/usr/bin/make cmTC_2a844/fast && /usr/bin/make -f CMakeFiles/cmTC_2a844.dir/build.make CMakeFiles/cmTC_2a844.dir/build]
  ignore line: [make[1]: Entering directory '/home/iwedia-cps/ivi-homescreen/build/CMakeFiles/CMakeTmp']
  ignore line: [Building CXX object CMakeFiles/cmTC_2a844.dir/CMakeCXXCompilerABI.cpp.o]
  ignore line: [/home/iwedia-cps/sdk_telechips/sysroots/x86_64-oesdk-linux/usr/bin/aarch64-telechips-linux/aarch64-telechips-linux-g++ --sysroot=/home/iwedia-cps/sdk_telechips/sysroots/aarch64-telechips-linux    -O2 -pipe -g -feliminate-unused-debug-types    -v -o CMakeFiles/cmTC_2a844.dir/CMakeCXXCompilerABI.cpp.o -c /usr/share/cmake-3.16/Modules/CMakeCXXCompilerABI.cpp]
  ignore line: [Using built-in specs.]
  ignore line: [COLLECT_GCC=/home/iwedia-cps/sdk_telechips/sysroots/x86_64-oesdk-linux/usr/bin/aarch64-telechips-linux/aarch64-telechips-linux-g++]
  ignore line: [Target: aarch64-telechips-linux]
  ignore line: [Configured with: ../../../../../../work-shared/gcc-arm-9.2-r2019.12/gcc-arm-src-snapshot-9.2-2019.12/configure --build=x86_64-linux --host=x86_64-oesdk-linux --target=aarch64-telechips-linux --prefix=/opt/poky-telechips/nodistro.0/sysroots/x86_64-oesdk-linux/usr --exec_prefix=/opt/poky-telechips/nodistro.0/sysroots/x86_64-oesdk-linux/usr --bindir=/opt/poky-telechips/nodistro.0/sysroots/x86_64-oesdk-linux/usr/bin/aarch64-telechips-linux --sbindir=/opt/poky-telechips/nodistro.0/sysroots/x86_64-oesdk-linux/usr/bin/aarch64-telechips-linux --libexecdir=/opt/poky-telechips/nodistro.0/sysroots/x86_64-oesdk-linux/usr/libexec/aarch64-telechips-linux --datadir=/opt/poky-telechips/nodistro.0/sysroots/x86_64-oesdk-linux/usr/share --sysconfdir=/opt/poky-telechips/nodistro.0/sysroots/x86_64-oesdk-linux/etc --sharedstatedir=/opt/poky-telechips/nodistro.0/sysroots/x86_64-oesdk-linux/com --localstatedir=/opt/poky-telechips/nodistro.0/sysroots/x86_64-oesdk-linux/var --libdir=/opt/poky-telechips/nodistro.0/sysroots/x86_64-oesdk-linux/usr/lib/aarch64-telechips-linux --includedir=/opt/poky-telechips/nodistro.0/sysroots/x86_64-oesdk-linux/usr/include --oldincludedir=/opt/poky-telechips/nodistro.0/sysroots/x86_64-oesdk-linux/usr/include --infodir=/opt/poky-telechips/nodistro.0/sysroots/x86_64-oesdk-linux/usr/share/info --mandir=/opt/poky-telechips/nodistro.0/sysroots/x86_64-oesdk-linux/usr/share/man --disable-silent-rules --disable-dependency-tracking --with-libtool-sysroot=/home/workareas/civcic/build-autolinux/build/tcc8050-sub/tmp/work/x86_64-nativesdk-oesdk-linux/gcc-cross-canadian-aarch64/arm-9.2-r2019.12/recipe-sysroot --with-gnu-ld --enable-shared --enable-languages=c,c++ --enable-threads=posix --enable-multilib --enable-default-pie --enable-c99 --enable-long-long --enable-symvers=gnu --enable-libstdcxx-pch --program-prefix=aarch64-telechips-linux- --without-local-prefix --disable-install-libiberty --enable-lto --disable-libssp --enable-libitm --disable-bootstrap --disable-libmudflap --with-system-zlib --with-linker-hash-style=gnu --enable-linker-build-id --with-ppl=no --with-cloog=no --enable-checking=release --enable-cheaders=c_global --without-isl --with-gxx-include-dir=/not/exist/usr/include/c++/9.2.1 --with-build-time-tools=/home/workareas/civcic/build-autolinux/build/tcc8050-sub/tmp/work/x86_64-nativesdk-oesdk-linux/gcc-cross-canadian-aarch64/arm-9.2-r2019.12/recipe-sysroot-native/usr/aarch64-telechips-linux/bin --with-sysroot=/not/exist --with-build-sysroot=/home/workareas/civcic/build-autolinux/build/tcc8050-sub/tmp/work/x86_64-nativesdk-oesdk-linux/gcc-cross-canadian-aarch64/arm-9.2-r2019.12/recipe-sysroot --enable-poison-system-directories --disable-static --enable-nls --with-glibc-version=2.28 --enable-initfini-array --enable-__cxa_atexit]
  ignore line: [Thread model: posix]
  ignore line: [gcc version 9.2.1 20191025 (GCC) ]
  ignore line: [COLLECT_GCC_OPTIONS='--sysroot=/home/iwedia-cps/sdk_telechips/sysroots/aarch64-telechips-linux' '-O2' '-pipe' '-g' '-feliminate-unused-debug-types' '-v' '-o' 'CMakeFiles/cmTC_2a844.dir/CMakeCXXCompilerABI.cpp.o' '-c' '-shared-libgcc' '-mlittle-endian' '-mabi=lp64']
  ignore line: [ /home/iwedia-cps/sdk_telechips/sysroots/x86_64-oesdk-linux/usr/libexec/aarch64-telechips-linux/gcc/aarch64-telechips-linux/9.2.1/cc1plus -quiet -v -isysroot /home/iwedia-cps/sdk_telechips/sysroots/aarch64-telechips-linux -D_GNU_SOURCE /usr/share/cmake-3.16/Modules/CMakeCXXCompilerABI.cpp -quiet -dumpbase CMakeCXXCompilerABI.cpp -mlittle-endian -mabi=lp64 -auxbase-strip CMakeFiles/cmTC_2a844.dir/CMakeCXXCompilerABI.cpp.o -g -O2 -version -feliminate-unused-debug-types -o - |]
  ignore line: [ /home/iwedia-cps/sdk_telechips/sysroots/x86_64-oesdk-linux/usr/libexec/aarch64-telechips-linux/gcc/aarch64-telechips-linux/9.2.1/as -v -EL -mabi=lp64 -o CMakeFiles/cmTC_2a844.dir/CMakeCXXCompilerABI.cpp.o]
  ignore line: [GNU assembler version 2.34.0 (aarch64-telechips-linux) using BFD version (GNU Binutils) 2.34.0.20200220]
  ignore line: [GNU C++14 (GCC) version 9.2.1 20191025 (aarch64-telechips-linux)]
  ignore line: [	compiled by GNU C version 9.2.1 20191025  GMP version 6.2.0  MPFR version 4.0.2  MPC version 1.1.0  isl version none]
  ignore line: [GGC heuristics: --param ggc-min-expand=100 --param ggc-min-heapsize=131072]
  ignore line: [ignoring nonexistent directory "/home/iwedia-cps/sdk_telechips/sysroots/aarch64-telechips-linux/usr/lib/aarch64-telechips-linux/9.2.1/include"]
  ignore line: [ignoring nonexistent directory "/home/iwedia-cps/sdk_telechips/sysroots/aarch64-telechips-linux/usr/local/include"]
  ignore line: [ignoring nonexistent directory "/home/iwedia-cps/sdk_telechips/sysroots/x86_64-oesdk-linux/usr/lib/aarch64-telechips-linux/gcc/aarch64-telechips-linux/9.2.1/../../../../../aarch64-telechips-linux/include"]
  ignore line: [#include "..." search starts here:]
  ignore line: [#include <...> search starts here:]
  ignore line: [ /home/iwedia-cps/sdk_telechips/sysroots/aarch64-telechips-linux/usr/include/c++/9.2.1]
  ignore line: [ /home/iwedia-cps/sdk_telechips/sysroots/aarch64-telechips-linux/usr/include/c++/9.2.1/aarch64-telechips-linux]
  ignore line: [ /home/iwedia-cps/sdk_telechips/sysroots/aarch64-telechips-linux/usr/include/c++/9.2.1/backward]
  ignore line: [ /home/iwedia-cps/sdk_telechips/sysroots/x86_64-oesdk-linux/usr/lib/aarch64-telechips-linux/gcc/aarch64-telechips-linux/9.2.1/include]
  ignore line: [ /home/iwedia-cps/sdk_telechips/sysroots/x86_64-oesdk-linux/usr/lib/aarch64-telechips-linux/gcc/aarch64-telechips-linux/9.2.1/include-fixed]
  ignore line: [ /home/iwedia-cps/sdk_telechips/sysroots/aarch64-telechips-linux/usr/include/]
  ignore line: [End of search list.]
  ignore line: [GNU C++14 (GCC) version 9.2.1 20191025 (aarch64-telechips-linux)]
  ignore line: [	compiled by GNU C version 9.2.1 20191025  GMP version 6.2.0  MPFR version 4.0.2  MPC version 1.1.0  isl version none]
  ignore line: [GGC heuristics: --param ggc-min-expand=100 --param ggc-min-heapsize=131072]
  ignore line: [Compiler executable checksum: 15f95b3abf34fbc174732ef140e69c71]
  ignore line: [COMPILER_PATH=/home/iwedia-cps/sdk_telechips/sysroots/x86_64-oesdk-linux/usr/libexec/aarch64-telechips-linux/gcc/aarch64-telechips-linux/9.2.1/:/home/iwedia-cps/sdk_telechips/sysroots/x86_64-oesdk-linux/usr/libexec/aarch64-telechips-linux/gcc/aarch64-telechips-linux/9.2.1/:/home/iwedia-cps/sdk_telechips/sysroots/x86_64-oesdk-linux/usr/libexec/aarch64-telechips-linux/gcc/aarch64-telechips-linux/:/home/iwedia-cps/sdk_telechips/sysroots/x86_64-oesdk-linux/usr/lib/aarch64-telechips-linux/gcc/aarch64-telechips-linux/9.2.1/:/home/iwedia-cps/sdk_telechips/sysroots/x86_64-oesdk-linux/usr/lib/aarch64-telechips-linux/gcc/aarch64-telechips-linux/]
  ignore line: [LIBRARY_PATH=/home/iwedia-cps/sdk_telechips/sysroots/x86_64-oesdk-linux/usr/lib/aarch64-telechips-linux/gcc/aarch64-telechips-linux/9.2.1/:/home/iwedia-cps/sdk_telechips/sysroots/aarch64-telechips-linux/lib/:/home/iwedia-cps/sdk_telechips/sysroots/aarch64-telechips-linux/usr/lib/aarch64-telechips-linux/9.2.1/:/home/iwedia-cps/sdk_telechips/sysroots/aarch64-telechips-linux/usr/lib/]
  ignore line: [COLLECT_GCC_OPTIONS='--sysroot=/home/iwedia-cps/sdk_telechips/sysroots/aarch64-telechips-linux' '-O2' '-pipe' '-g' '-feliminate-unused-debug-types' '-v' '-o' 'CMakeFiles/cmTC_2a844.dir/CMakeCXXCompilerABI.cpp.o' '-c' '-shared-libgcc' '-mlittle-endian' '-mabi=lp64']
  ignore line: [Linking CXX executable cmTC_2a844]
  ignore line: [/usr/bin/cmake -E cmake_link_script CMakeFiles/cmTC_2a844.dir/link.txt --verbose=1]
  ignore line: [/home/iwedia-cps/sdk_telechips/sysroots/x86_64-oesdk-linux/usr/bin/aarch64-telechips-linux/aarch64-telechips-linux-g++ --sysroot=/home/iwedia-cps/sdk_telechips/sysroots/aarch64-telechips-linux  -O2 -pipe -g -feliminate-unused-debug-types   -Wl -O1 -Wl --hash-style=gnu -Wl --as-needed -fstack-protector-strong -Wl -z relro -z now -v CMakeFiles/cmTC_2a844.dir/CMakeCXXCompilerABI.cpp.o  -o cmTC_2a844 ]
  ignore line: [Using built-in specs.]
  ignore line: [COLLECT_GCC=/home/iwedia-cps/sdk_telechips/sysroots/x86_64-oesdk-linux/usr/bin/aarch64-telechips-linux/aarch64-telechips-linux-g++]
  ignore line: [COLLECT_LTO_WRAPPER=/home/iwedia-cps/sdk_telechips/sysroots/x86_64-oesdk-linux/usr/libexec/aarch64-telechips-linux/gcc/aarch64-telechips-linux/9.2.1/lto-wrapper]
  ignore line: [Target: aarch64-telechips-linux]
  ignore line: [Configured with: ../../../../../../work-shared/gcc-arm-9.2-r2019.12/gcc-arm-src-snapshot-9.2-2019.12/configure --build=x86_64-linux --host=x86_64-oesdk-linux --target=aarch64-telechips-linux --prefix=/opt/poky-telechips/nodistro.0/sysroots/x86_64-oesdk-linux/usr --exec_prefix=/opt/poky-telechips/nodistro.0/sysroots/x86_64-oesdk-linux/usr --bindir=/opt/poky-telechips/nodistro.0/sysroots/x86_64-oesdk-linux/usr/bin/aarch64-telechips-linux --sbindir=/opt/poky-telechips/nodistro.0/sysroots/x86_64-oesdk-linux/usr/bin/aarch64-telechips-linux --libexecdir=/opt/poky-telechips/nodistro.0/sysroots/x86_64-oesdk-linux/usr/libexec/aarch64-telechips-linux --datadir=/opt/poky-telechips/nodistro.0/sysroots/x86_64-oesdk-linux/usr/share --sysconfdir=/opt/poky-telechips/nodistro.0/sysroots/x86_64-oesdk-linux/etc --sharedstatedir=/opt/poky-telechips/nodistro.0/sysroots/x86_64-oesdk-linux/com --localstatedir=/opt/poky-telechips/nodistro.0/sysroots/x86_64-oesdk-linux/var --libdir=/opt/poky-telechips/nodistro.0/sysroots/x86_64-oesdk-linux/usr/lib/aarch64-telechips-linux --includedir=/opt/poky-telechips/nodistro.0/sysroots/x86_64-oesdk-linux/usr/include --oldincludedir=/opt/poky-telechips/nodistro.0/sysroots/x86_64-oesdk-linux/usr/include --infodir=/opt/poky-telechips/nodistro.0/sysroots/x86_64-oesdk-linux/usr/share/info --mandir=/opt/poky-telechips/nodistro.0/sysroots/x86_64-oesdk-linux/usr/share/man --disable-silent-rules --disable-dependency-tracking --with-libtool-sysroot=/home/workareas/civcic/build-autolinux/build/tcc8050-sub/tmp/work/x86_64-nativesdk-oesdk-linux/gcc-cross-canadian-aarch64/arm-9.2-r2019.12/recipe-sysroot --with-gnu-ld --enable-shared --enable-languages=c,c++ --enable-threads=posix --enable-multilib --enable-default-pie --enable-c99 --enable-long-long --enable-symvers=gnu --enable-libstdcxx-pch --program-prefix=aarch64-telechips-linux- --without-local-prefix --disable-install-libiberty --enable-lto --disable-libssp --enable-libitm --disable-bootstrap --disable-libmudflap --with-system-zlib --with-linker-hash-style=gnu --enable-linker-build-id --with-ppl=no --with-cloog=no --enable-checking=release --enable-cheaders=c_global --without-isl --with-gxx-include-dir=/not/exist/usr/include/c++/9.2.1 --with-build-time-tools=/home/workareas/civcic/build-autolinux/build/tcc8050-sub/tmp/work/x86_64-nativesdk-oesdk-linux/gcc-cross-canadian-aarch64/arm-9.2-r2019.12/recipe-sysroot-native/usr/aarch64-telechips-linux/bin --with-sysroot=/not/exist --with-build-sysroot=/home/workareas/civcic/build-autolinux/build/tcc8050-sub/tmp/work/x86_64-nativesdk-oesdk-linux/gcc-cross-canadian-aarch64/arm-9.2-r2019.12/recipe-sysroot --enable-poison-system-directories --disable-static --enable-nls --with-glibc-version=2.28 --enable-initfini-array --enable-__cxa_atexit]
  ignore line: [Thread model: posix]
  ignore line: [gcc version 9.2.1 20191025 (GCC) ]
  ignore line: [COMPILER_PATH=/home/iwedia-cps/sdk_telechips/sysroots/x86_64-oesdk-linux/usr/libexec/aarch64-telechips-linux/gcc/aarch64-telechips-linux/9.2.1/:/home/iwedia-cps/sdk_telechips/sysroots/x86_64-oesdk-linux/usr/libexec/aarch64-telechips-linux/gcc/aarch64-telechips-linux/9.2.1/:/home/iwedia-cps/sdk_telechips/sysroots/x86_64-oesdk-linux/usr/libexec/aarch64-telechips-linux/gcc/aarch64-telechips-linux/:/home/iwedia-cps/sdk_telechips/sysroots/x86_64-oesdk-linux/usr/lib/aarch64-telechips-linux/gcc/aarch64-telechips-linux/9.2.1/:/home/iwedia-cps/sdk_telechips/sysroots/x86_64-oesdk-linux/usr/lib/aarch64-telechips-linux/gcc/aarch64-telechips-linux/]
  ignore line: [LIBRARY_PATH=/home/iwedia-cps/sdk_telechips/sysroots/x86_64-oesdk-linux/usr/lib/aarch64-telechips-linux/gcc/aarch64-telechips-linux/9.2.1/:/home/iwedia-cps/sdk_telechips/sysroots/aarch64-telechips-linux/lib/:/home/iwedia-cps/sdk_telechips/sysroots/aarch64-telechips-linux/usr/lib/aarch64-telechips-linux/9.2.1/:/home/iwedia-cps/sdk_telechips/sysroots/aarch64-telechips-linux/usr/lib/]
  ignore line: [COLLECT_GCC_OPTIONS='--sysroot=/home/iwedia-cps/sdk_telechips/sysroots/aarch64-telechips-linux' '-O2' '-pipe' '-g' '-feliminate-unused-debug-types' '-fstack-protector-strong' '-v' '-o' 'cmTC_2a844' '-shared-libgcc' '-mlittle-endian' '-mabi=lp64']
  link line: [ /home/iwedia-cps/sdk_telechips/sysroots/x86_64-oesdk-linux/usr/libexec/aarch64-telechips-linux/gcc/aarch64-telechips-linux/9.2.1/collect2 -plugin /home/iwedia-cps/sdk_telechips/sysroots/x86_64-oesdk-linux/usr/libexec/aarch64-telechips-linux/gcc/aarch64-telechips-linux/9.2.1/liblto_plugin.so -plugin-opt=/home/iwedia-cps/sdk_telechips/sysroots/x86_64-oesdk-linux/usr/libexec/aarch64-telechips-linux/gcc/aarch64-telechips-linux/9.2.1/lto-wrapper -plugin-opt=-fresolution=/tmp/ccuFZeiQ.res -plugin-opt=-pass-through=-lgcc_s -plugin-opt=-pass-through=-lgcc -plugin-opt=-pass-through=-lc -plugin-opt=-pass-through=-lgcc_s -plugin-opt=-pass-through=-lgcc --sysroot=/home/iwedia-cps/sdk_telechips/sysroots/aarch64-telechips-linux --build-id --eh-frame-hdr --hash-style=gnu -dynamic-linker /lib/ld-linux-aarch64.so.1 -X -EL -maarch64linux -pie -o cmTC_2a844 /home/iwedia-cps/sdk_telechips/sysroots/aarch64-telechips-linux/usr/lib/Scrt1.o /home/iwedia-cps/sdk_telechips/sysroots/aarch64-telechips-linux/usr/lib/crti.o /home/iwedia-cps/sdk_telechips/sysroots/aarch64-telechips-linux/usr/lib/aarch64-telechips-linux/9.2.1/crtbeginS.o -L/home/iwedia-cps/sdk_telechips/sysroots/x86_64-oesdk-linux/usr/lib/aarch64-telechips-linux/gcc/aarch64-telechips-linux/9.2.1 -L/home/iwedia-cps/sdk_telechips/sysroots/aarch64-telechips-linux/lib -L/home/iwedia-cps/sdk_telechips/sysroots/aarch64-telechips-linux/usr/lib/aarch64-telechips-linux/9.2.1 -L/home/iwedia-cps/sdk_telechips/sysroots/aarch64-telechips-linux/usr/lib -O1 --hash-style=gnu --as-needed -z relro -z now CMakeFiles/cmTC_2a844.dir/CMakeCXXCompilerABI.cpp.o -lstdc++ -lm -lgcc_s -lgcc -lc -lgcc_s -lgcc /home/iwedia-cps/sdk_telechips/sysroots/aarch64-telechips-linux/usr/lib/aarch64-telechips-linux/9.2.1/crtendS.o /home/iwedia-cps/sdk_telechips/sysroots/aarch64-telechips-linux/usr/lib/crtn.o]
    arg [/home/iwedia-cps/sdk_telechips/sysroots/x86_64-oesdk-linux/usr/libexec/aarch64-telechips-linux/gcc/aarch64-telechips-linux/9.2.1/collect2] ==> ignore
    arg [-plugin] ==> ignore
    arg [/home/iwedia-cps/sdk_telechips/sysroots/x86_64-oesdk-linux/usr/libexec/aarch64-telechips-linux/gcc/aarch64-telechips-linux/9.2.1/liblto_plugin.so] ==> ignore
    arg [-plugin-opt=/home/iwedia-cps/sdk_telechips/sysroots/x86_64-oesdk-linux/usr/libexec/aarch64-telechips-linux/gcc/aarch64-telechips-linux/9.2.1/lto-wrapper] ==> ignore
    arg [-plugin-opt=-fresolution=/tmp/ccuFZeiQ.res] ==> ignore
    arg [-plugin-opt=-pass-through=-lgcc_s] ==> ignore
    arg [-plugin-opt=-pass-through=-lgcc] ==> ignore
    arg [-plugin-opt=-pass-through=-lc] ==> ignore
    arg [-plugin-opt=-pass-through=-lgcc_s] ==> ignore
    arg [-plugin-opt=-pass-through=-lgcc] ==> ignore
    arg [--sysroot=/home/iwedia-cps/sdk_telechips/sysroots/aarch64-telechips-linux] ==> ignore
    arg [--build-id] ==> ignore
    arg [--eh-frame-hdr] ==> ignore
    arg [--hash-style=gnu] ==> ignore
    arg [-dynamic-linker] ==> ignore
    arg [/lib/ld-linux-aarch64.so.1] ==> ignore
    arg [-X] ==> ignore
    arg [-EL] ==> ignore
    arg [-maarch64linux] ==> ignore
    arg [-pie] ==> ignore
    arg [-o] ==> ignore
    arg [cmTC_2a844] ==> ignore
    arg [/home/iwedia-cps/sdk_telechips/sysroots/aarch64-telechips-linux/usr/lib/Scrt1.o] ==> ignore
    arg [/home/iwedia-cps/sdk_telechips/sysroots/aarch64-telechips-linux/usr/lib/crti.o] ==> ignore
    arg [/home/iwedia-cps/sdk_telechips/sysroots/aarch64-telechips-linux/usr/lib/aarch64-telechips-linux/9.2.1/crtbeginS.o] ==> ignore
    arg [-L/home/iwedia-cps/sdk_telechips/sysroots/x86_64-oesdk-linux/usr/lib/aarch64-telechips-linux/gcc/aarch64-telechips-linux/9.2.1] ==> dir [/home/iwedia-cps/sdk_telechips/sysroots/x86_64-oesdk-linux/usr/lib/aarch64-telechips-linux/gcc/aarch64-telechips-linux/9.2.1]
    arg [-L/home/iwedia-cps/sdk_telechips/sysroots/aarch64-telechips-linux/lib] ==> dir [/home/iwedia-cps/sdk_telechips/sysroots/aarch64-telechips-linux/lib]
    arg [-L/home/iwedia-cps/sdk_telechips/sysroots/aarch64-telechips-linux/usr/lib/aarch64-telechips-linux/9.2.1] ==> dir [/home/iwedia-cps/sdk_telechips/sysroots/aarch64-telechips-linux/usr/lib/aarch64-telechips-linux/9.2.1]
    arg [-L/home/iwedia-cps/sdk_telechips/sysroots/aarch64-telechips-linux/usr/lib] ==> dir [/home/iwedia-cps/sdk_telechips/sysroots/aarch64-telechips-linux/usr/lib]
    arg [-O1] ==> ignore
    arg [--hash-style=gnu] ==> ignore
    arg [--as-needed] ==> ignore
    arg [-zrelro] ==> ignore
    arg [-znow] ==> ignore
    arg [CMakeFiles/cmTC_2a844.dir/CMakeCXXCompilerABI.cpp.o] ==> ignore
    arg [-lstdc++] ==> lib [stdc++]
    arg [-lm] ==> lib [m]
    arg [-lgcc_s] ==> lib [gcc_s]
    arg [-lgcc] ==> lib [gcc]
    arg [-lc] ==> lib [c]
    arg [-lgcc_s] ==> lib [gcc_s]
    arg [-lgcc] ==> lib [gcc]
    arg [/home/iwedia-cps/sdk_telechips/sysroots/aarch64-telechips-linux/usr/lib/aarch64-telechips-linux/9.2.1/crtendS.o] ==> ignore
    arg [/home/iwedia-cps/sdk_telechips/sysroots/aarch64-telechips-linux/usr/lib/crtn.o] ==> ignore
  collapse library dir [/home/iwedia-cps/sdk_telechips/sysroots/x86_64-oesdk-linux/usr/lib/aarch64-telechips-linux/gcc/aarch64-telechips-linux/9.2.1] ==> [/home/iwedia-cps/sdk_telechips/sysroots/x86_64-oesdk-linux/usr/lib/aarch64-telechips-linux/gcc/aarch64-telechips-linux/9.2.1]
  collapse library dir [/home/iwedia-cps/sdk_telechips/sysroots/aarch64-telechips-linux/lib] ==> [/home/iwedia-cps/sdk_telechips/sysroots/aarch64-telechips-linux/lib]
  collapse library dir [/home/iwedia-cps/sdk_telechips/sysroots/aarch64-telechips-linux/usr/lib/aarch64-telechips-linux/9.2.1] ==> [/home/iwedia-cps/sdk_telechips/sysroots/aarch64-telechips-linux/usr/lib/aarch64-telechips-linux/9.2.1]
  collapse library dir [/home/iwedia-cps/sdk_telechips/sysroots/aarch64-telechips-linux/usr/lib] ==> [/home/iwedia-cps/sdk_telechips/sysroots/aarch64-telechips-linux/usr/lib]
  implicit libs: [stdc++;m;gcc_s;gcc;c;gcc_s;gcc]
  implicit dirs: [/home/iwedia-cps/sdk_telechips/sysroots/x86_64-oesdk-linux/usr/lib/aarch64-telechips-linux/gcc/aarch64-telechips-linux/9.2.1;/home/iwedia-cps/sdk_telechips/sysroots/aarch64-telechips-linux/lib;/home/iwedia-cps/sdk_telechips/sysroots/aarch64-telechips-linux/usr/lib/aarch64-telechips-linux/9.2.1;/home/iwedia-cps/sdk_telechips/sysroots/aarch64-telechips-linux/usr/lib]
  implicit fwks: []


Determining if the C compiler works passed with the following output:
Change Dir: /home/iwedia-cps/ivi-homescreen/build/CMakeFiles/CMakeTmp

Run Build Command(s):/usr/bin/make cmTC_ad7c6/fast && /usr/bin/make -f CMakeFiles/cmTC_ad7c6.dir/build.make CMakeFiles/cmTC_ad7c6.dir/build
make[1]: Entering directory '/home/iwedia-cps/ivi-homescreen/build/CMakeFiles/CMakeTmp'
Building C object CMakeFiles/cmTC_ad7c6.dir/testCCompiler.c.o
/home/iwedia-cps/sdk_telechips/sysroots/x86_64-oesdk-linux/usr/bin/aarch64-telechips-linux/aarch64-telechips-linux-gcc --sysroot=/home/iwedia-cps/sdk_telechips/sysroots/aarch64-telechips-linux   -O2 -pipe -g -feliminate-unused-debug-types    -o CMakeFiles/cmTC_ad7c6.dir/testCCompiler.c.o   -c /home/iwedia-cps/ivi-homescreen/build/CMakeFiles/CMakeTmp/testCCompiler.c
Linking C executable cmTC_ad7c6
/usr/bin/cmake -E cmake_link_script CMakeFiles/cmTC_ad7c6.dir/link.txt --verbose=1
/home/iwedia-cps/sdk_telechips/sysroots/x86_64-oesdk-linux/usr/bin/aarch64-telechips-linux/aarch64-telechips-linux-gcc --sysroot=/home/iwedia-cps/sdk_telechips/sysroots/aarch64-telechips-linux -O2 -pipe -g -feliminate-unused-debug-types   -Wl,-O1 -Wl,--hash-style=gnu -Wl,--as-needed -fstack-protector-strong -Wl,-z,relro,-z,now  CMakeFiles/cmTC_ad7c6.dir/testCCompiler.c.o  -o cmTC_ad7c6 
make[1]: Leaving directory '/home/iwedia-cps/ivi-homescreen/build/CMakeFiles/CMakeTmp'



Detecting C compiler ABI info compiled with the following output:
Change Dir: /home/iwedia-cps/ivi-homescreen/build/CMakeFiles/CMakeTmp

Run Build Command(s):/usr/bin/make cmTC_7e83e/fast && /usr/bin/make -f CMakeFiles/cmTC_7e83e.dir/build.make CMakeFiles/cmTC_7e83e.dir/build
make[1]: Entering directory '/home/iwedia-cps/ivi-homescreen/build/CMakeFiles/CMakeTmp'
Building C object CMakeFiles/cmTC_7e83e.dir/CMakeCCompilerABI.c.o
/home/iwedia-cps/sdk_telechips/sysroots/x86_64-oesdk-linux/usr/bin/aarch64-telechips-linux/aarch64-telechips-linux-gcc --sysroot=/home/iwedia-cps/sdk_telechips/sysroots/aarch64-telechips-linux   -O2 -pipe -g -feliminate-unused-debug-types    -v -o CMakeFiles/cmTC_7e83e.dir/CMakeCCompilerABI.c.o   -c /usr/share/cmake-3.16/Modules/CMakeCCompilerABI.c
Using built-in specs.
COLLECT_GCC=/home/iwedia-cps/sdk_telechips/sysroots/x86_64-oesdk-linux/usr/bin/aarch64-telechips-linux/aarch64-telechips-linux-gcc
Target: aarch64-telechips-linux
Configured with: ../../../../../../work-shared/gcc-arm-9.2-r2019.12/gcc-arm-src-snapshot-9.2-2019.12/configure --build=x86_64-linux --host=x86_64-oesdk-linux --target=aarch64-telechips-linux --prefix=/opt/poky-telechips/nodistro.0/sysroots/x86_64-oesdk-linux/usr --exec_prefix=/opt/poky-telechips/nodistro.0/sysroots/x86_64-oesdk-linux/usr --bindir=/opt/poky-telechips/nodistro.0/sysroots/x86_64-oesdk-linux/usr/bin/aarch64-telechips-linux --sbindir=/opt/poky-telechips/nodistro.0/sysroots/x86_64-oesdk-linux/usr/bin/aarch64-telechips-linux --libexecdir=/opt/poky-telechips/nodistro.0/sysroots/x86_64-oesdk-linux/usr/libexec/aarch64-telechips-linux --datadir=/opt/poky-telechips/nodistro.0/sysroots/x86_64-oesdk-linux/usr/share --sysconfdir=/opt/poky-telechips/nodistro.0/sysroots/x86_64-oesdk-linux/etc --sharedstatedir=/opt/poky-telechips/nodistro.0/sysroots/x86_64-oesdk-linux/com --localstatedir=/opt/poky-telechips/nodistro.0/sysroots/x86_64-oesdk-linux/var --libdir=/opt/poky-telechips/nodistro.0/sysroots/x86_64-oesdk-linux/usr/lib/aarch64-telechips-linux --includedir=/opt/poky-telechips/nodistro.0/sysroots/x86_64-oesdk-linux/usr/include --oldincludedir=/opt/poky-telechips/nodistro.0/sysroots/x86_64-oesdk-linux/usr/include --infodir=/opt/poky-telechips/nodistro.0/sysroots/x86_64-oesdk-linux/usr/share/info --mandir=/opt/poky-telechips/nodistro.0/sysroots/x86_64-oesdk-linux/usr/share/man --disable-silent-rules --disable-dependency-tracking --with-libtool-sysroot=/home/workareas/civcic/build-autolinux/build/tcc8050-sub/tmp/work/x86_64-nativesdk-oesdk-linux/gcc-cross-canadian-aarch64/arm-9.2-r2019.12/recipe-sysroot --with-gnu-ld --enable-shared --enable-languages=c,c++ --enable-threads=posix --enable-multilib --enable-default-pie --enable-c99 --enable-long-long --enable-symvers=gnu --enable-libstdcxx-pch --program-prefix=aarch64-telechips-linux- --without-local-prefix --disable-install-libiberty --enable-lto --disable-libssp --enable-libitm --disable-bootstrap --disable-libmudflap --with-system-zlib --with-linker-hash-style=gnu --enable-linker-build-id --with-ppl=no --with-cloog=no --enable-checking=release --enable-cheaders=c_global --without-isl --with-gxx-include-dir=/not/exist/usr/include/c++/9.2.1 --with-build-time-tools=/home/workareas/civcic/build-autolinux/build/tcc8050-sub/tmp/work/x86_64-nativesdk-oesdk-linux/gcc-cross-canadian-aarch64/arm-9.2-r2019.12/recipe-sysroot-native/usr/aarch64-telechips-linux/bin --with-sysroot=/not/exist --with-build-sysroot=/home/workareas/civcic/build-autolinux/build/tcc8050-sub/tmp/work/x86_64-nativesdk-oesdk-linux/gcc-cross-canadian-aarch64/arm-9.2-r2019.12/recipe-sysroot --enable-poison-system-directories --disable-static --enable-nls --with-glibc-version=2.28 --enable-initfini-array --enable-__cxa_atexit
Thread model: posix
gcc version 9.2.1 20191025 (GCC) 
COLLECT_GCC_OPTIONS='--sysroot=/home/iwedia-cps/sdk_telechips/sysroots/aarch64-telechips-linux' '-O2' '-pipe' '-g' '-feliminate-unused-debug-types' '-v' '-o' 'CMakeFiles/cmTC_7e83e.dir/CMakeCCompilerABI.c.o' '-c' '-mlittle-endian' '-mabi=lp64'
 /home/iwedia-cps/sdk_telechips/sysroots/x86_64-oesdk-linux/usr/libexec/aarch64-telechips-linux/gcc/aarch64-telechips-linux/9.2.1/cc1 -quiet -v -isysroot /home/iwedia-cps/sdk_telechips/sysroots/aarch64-telechips-linux /usr/share/cmake-3.16/Modules/CMakeCCompilerABI.c -quiet -dumpbase CMakeCCompilerABI.c -mlittle-endian -mabi=lp64 -auxbase-strip CMakeFiles/cmTC_7e83e.dir/CMakeCCompilerABI.c.o -g -O2 -version -feliminate-unused-debug-types -o - |
 /home/iwedia-cps/sdk_telechips/sysroots/x86_64-oesdk-linux/usr/libexec/aarch64-telechips-linux/gcc/aarch64-telechips-linux/9.2.1/as -v -EL -mabi=lp64 -o CMakeFiles/cmTC_7e83e.dir/CMakeCCompilerABI.c.o
GNU assembler version 2.34.0 (aarch64-telechips-linux) using BFD version (GNU Binutils) 2.34.0.20200220
GNU C17 (GCC) version 9.2.1 20191025 (aarch64-telechips-linux)
	compiled by GNU C version 9.2.1 20191025, GMP version 6.2.0, MPFR version 4.0.2, MPC version 1.1.0, isl version none
GGC heuristics: --param ggc-min-expand=100 --param ggc-min-heapsize=131072
ignoring nonexistent directory "/home/iwedia-cps/sdk_telechips/sysroots/aarch64-telechips-linux/usr/lib/aarch64-telechips-linux/9.2.1/include"
ignoring nonexistent directory "/home/iwedia-cps/sdk_telechips/sysroots/aarch64-telechips-linux/usr/local/include"
ignoring nonexistent directory "/home/iwedia-cps/sdk_telechips/sysroots/x86_64-oesdk-linux/usr/lib/aarch64-telechips-linux/gcc/aarch64-telechips-linux/9.2.1/../../../../../aarch64-telechips-linux/include"
#include "..." search starts here:
#include <...> search starts here:
 /home/iwedia-cps/sdk_telechips/sysroots/x86_64-oesdk-linux/usr/lib/aarch64-telechips-linux/gcc/aarch64-telechips-linux/9.2.1/include
 /home/iwedia-cps/sdk_telechips/sysroots/x86_64-oesdk-linux/usr/lib/aarch64-telechips-linux/gcc/aarch64-telechips-linux/9.2.1/include-fixed
 /home/iwedia-cps/sdk_telechips/sysroots/aarch64-telechips-linux/usr/include/
End of search list.
GNU C17 (GCC) version 9.2.1 20191025 (aarch64-telechips-linux)
	compiled by GNU C version 9.2.1 20191025, GMP version 6.2.0, MPFR version 4.0.2, MPC version 1.1.0, isl version none
GGC heuristics: --param ggc-min-expand=100 --param ggc-min-heapsize=131072
Compiler executable checksum: 476e76506453def2a52423686663e75d
COMPILER_PATH=/home/iwedia-cps/sdk_telechips/sysroots/x86_64-oesdk-linux/usr/libexec/aarch64-telechips-linux/gcc/aarch64-telechips-linux/9.2.1/:/home/iwedia-cps/sdk_telechips/sysroots/x86_64-oesdk-linux/usr/libexec/aarch64-telechips-linux/gcc/aarch64-telechips-linux/9.2.1/:/home/iwedia-cps/sdk_telechips/sysroots/x86_64-oesdk-linux/usr/libexec/aarch64-telechips-linux/gcc/aarch64-telechips-linux/:/home/iwedia-cps/sdk_telechips/sysroots/x86_64-oesdk-linux/usr/lib/aarch64-telechips-linux/gcc/aarch64-telechips-linux/9.2.1/:/home/iwedia-cps/sdk_telechips/sysroots/x86_64-oesdk-linux/usr/lib/aarch64-telechips-linux/gcc/aarch64-telechips-linux/
LIBRARY_PATH=/home/iwedia-cps/sdk_telechips/sysroots/x86_64-oesdk-linux/usr/lib/aarch64-telechips-linux/gcc/aarch64-telechips-linux/9.2.1/:/home/iwedia-cps/sdk_telechips/sysroots/aarch64-telechips-linux/lib/:/home/iwedia-cps/sdk_telechips/sysroots/aarch64-telechips-linux/usr/lib/aarch64-telechips-linux/9.2.1/:/home/iwedia-cps/sdk_telechips/sysroots/aarch64-telechips-linux/usr/lib/
COLLECT_GCC_OPTIONS='--sysroot=/home/iwedia-cps/sdk_telechips/sysroots/aarch64-telechips-linux' '-O2' '-pipe' '-g' '-feliminate-unused-debug-types' '-v' '-o' 'CMakeFiles/cmTC_7e83e.dir/CMakeCCompilerABI.c.o' '-c' '-mlittle-endian' '-mabi=lp64'
Linking C executable cmTC_7e83e
/usr/bin/cmake -E cmake_link_script CMakeFiles/cmTC_7e83e.dir/link.txt --verbose=1
/home/iwedia-cps/sdk_telechips/sysroots/x86_64-oesdk-linux/usr/bin/aarch64-telechips-linux/aarch64-telechips-linux-gcc --sysroot=/home/iwedia-cps/sdk_telechips/sysroots/aarch64-telechips-linux -O2 -pipe -g -feliminate-unused-debug-types   -Wl,-O1 -Wl,--hash-style=gnu -Wl,--as-needed -fstack-protector-strong -Wl,-z,relro,-z,now -v CMakeFiles/cmTC_7e83e.dir/CMakeCCompilerABI.c.o  -o cmTC_7e83e 
Using built-in specs.
COLLECT_GCC=/home/iwedia-cps/sdk_telechips/sysroots/x86_64-oesdk-linux/usr/bin/aarch64-telechips-linux/aarch64-telechips-linux-gcc
COLLECT_LTO_WRAPPER=/home/iwedia-cps/sdk_telechips/sysroots/x86_64-oesdk-linux/usr/libexec/aarch64-telechips-linux/gcc/aarch64-telechips-linux/9.2.1/lto-wrapper
Target: aarch64-telechips-linux
Configured with: ../../../../../../work-shared/gcc-arm-9.2-r2019.12/gcc-arm-src-snapshot-9.2-2019.12/configure --build=x86_64-linux --host=x86_64-oesdk-linux --target=aarch64-telechips-linux --prefix=/opt/poky-telechips/nodistro.0/sysroots/x86_64-oesdk-linux/usr --exec_prefix=/opt/poky-telechips/nodistro.0/sysroots/x86_64-oesdk-linux/usr --bindir=/opt/poky-telechips/nodistro.0/sysroots/x86_64-oesdk-linux/usr/bin/aarch64-telechips-linux --sbindir=/opt/poky-telechips/nodistro.0/sysroots/x86_64-oesdk-linux/usr/bin/aarch64-telechips-linux --libexecdir=/opt/poky-telechips/nodistro.0/sysroots/x86_64-oesdk-linux/usr/libexec/aarch64-telechips-linux --datadir=/opt/poky-telechips/nodistro.0/sysroots/x86_64-oesdk-linux/usr/share --sysconfdir=/opt/poky-telechips/nodistro.0/sysroots/x86_64-oesdk-linux/etc --sharedstatedir=/opt/poky-telechips/nodistro.0/sysroots/x86_64-oesdk-linux/com --localstatedir=/opt/poky-telechips/nodistro.0/sysroots/x86_64-oesdk-linux/var --libdir=/opt/poky-telechips/nodistro.0/sysroots/x86_64-oesdk-linux/usr/lib/aarch64-telechips-linux --includedir=/opt/poky-telechips/nodistro.0/sysroots/x86_64-oesdk-linux/usr/include --oldincludedir=/opt/poky-telechips/nodistro.0/sysroots/x86_64-oesdk-linux/usr/include --infodir=/opt/poky-telechips/nodistro.0/sysroots/x86_64-oesdk-linux/usr/share/info --mandir=/opt/poky-telechips/nodistro.0/sysroots/x86_64-oesdk-linux/usr/share/man --disable-silent-rules --disable-dependency-tracking --with-libtool-sysroot=/home/workareas/civcic/build-autolinux/build/tcc8050-sub/tmp/work/x86_64-nativesdk-oesdk-linux/gcc-cross-canadian-aarch64/arm-9.2-r2019.12/recipe-sysroot --with-gnu-ld --enable-shared --enable-languages=c,c++ --enable-threads=posix --enable-multilib --enable-default-pie --enable-c99 --enable-long-long --enable-symvers=gnu --enable-libstdcxx-pch --program-prefix=aarch64-telechips-linux- --without-local-prefix --disable-install-libiberty --enable-lto --disable-libssp --enable-libitm --disable-bootstrap --disable-libmudflap --with-system-zlib --with-linker-hash-style=gnu --enable-linker-build-id --with-ppl=no --with-cloog=no --enable-checking=release --enable-cheaders=c_global --without-isl --with-gxx-include-dir=/not/exist/usr/include/c++/9.2.1 --with-build-time-tools=/home/workareas/civcic/build-autolinux/build/tcc8050-sub/tmp/work/x86_64-nativesdk-oesdk-linux/gcc-cross-canadian-aarch64/arm-9.2-r2019.12/recipe-sysroot-native/usr/aarch64-telechips-linux/bin --with-sysroot=/not/exist --with-build-sysroot=/home/workareas/civcic/build-autolinux/build/tcc8050-sub/tmp/work/x86_64-nativesdk-oesdk-linux/gcc-cross-canadian-aarch64/arm-9.2-r2019.12/recipe-sysroot --enable-poison-system-directories --disable-static --enable-nls --with-glibc-version=2.28 --enable-initfini-array --enable-__cxa_atexit
Thread model: posix
gcc version 9.2.1 20191025 (GCC) 
COMPILER_PATH=/home/iwedia-cps/sdk_telechips/sysroots/x86_64-oesdk-linux/usr/libexec/aarch64-telechips-linux/gcc/aarch64-telechips-linux/9.2.1/:/home/iwedia-cps/sdk_telechips/sysroots/x86_64-oesdk-linux/usr/libexec/aarch64-telechips-linux/gcc/aarch64-telechips-linux/9.2.1/:/home/iwedia-cps/sdk_telechips/sysroots/x86_64-oesdk-linux/usr/libexec/aarch64-telechips-linux/gcc/aarch64-telechips-linux/:/home/iwedia-cps/sdk_telechips/sysroots/x86_64-oesdk-linux/usr/lib/aarch64-telechips-linux/gcc/aarch64-telechips-linux/9.2.1/:/home/iwedia-cps/sdk_telechips/sysroots/x86_64-oesdk-linux/usr/lib/aarch64-telechips-linux/gcc/aarch64-telechips-linux/
LIBRARY_PATH=/home/iwedia-cps/sdk_telechips/sysroots/x86_64-oesdk-linux/usr/lib/aarch64-telechips-linux/gcc/aarch64-telechips-linux/9.2.1/:/home/iwedia-cps/sdk_telechips/sysroots/aarch64-telechips-linux/lib/:/home/iwedia-cps/sdk_telechips/sysroots/aarch64-telechips-linux/usr/lib/aarch64-telechips-linux/9.2.1/:/home/iwedia-cps/sdk_telechips/sysroots/aarch64-telechips-linux/usr/lib/
COLLECT_GCC_OPTIONS='--sysroot=/home/iwedia-cps/sdk_telechips/sysroots/aarch64-telechips-linux' '-O2' '-pipe' '-g' '-feliminate-unused-debug-types' '-fstack-protector-strong' '-v' '-o' 'cmTC_7e83e' '-mlittle-endian' '-mabi=lp64'
 /home/iwedia-cps/sdk_telechips/sysroots/x86_64-oesdk-linux/usr/libexec/aarch64-telechips-linux/gcc/aarch64-telechips-linux/9.2.1/collect2 -plugin /home/iwedia-cps/sdk_telechips/sysroots/x86_64-oesdk-linux/usr/libexec/aarch64-telechips-linux/gcc/aarch64-telechips-linux/9.2.1/liblto_plugin.so -plugin-opt=/home/iwedia-cps/sdk_telechips/sysroots/x86_64-oesdk-linux/usr/libexec/aarch64-telechips-linux/gcc/aarch64-telechips-linux/9.2.1/lto-wrapper -plugin-opt=-fresolution=/tmp/ccjc5YyN.res -plugin-opt=-pass-through=-lgcc -plugin-opt=-pass-through=-lgcc_s -plugin-opt=-pass-through=-lc -plugin-opt=-pass-through=-lgcc -plugin-opt=-pass-through=-lgcc_s --sysroot=/home/iwedia-cps/sdk_telechips/sysroots/aarch64-telechips-linux --build-id --eh-frame-hdr --hash-style=gnu -dynamic-linker /lib/ld-linux-aarch64.so.1 -X -EL -maarch64linux -pie -o cmTC_7e83e /home/iwedia-cps/sdk_telechips/sysroots/aarch64-telechips-linux/usr/lib/Scrt1.o /home/iwedia-cps/sdk_telechips/sysroots/aarch64-telechips-linux/usr/lib/crti.o /home/iwedia-cps/sdk_telechips/sysroots/aarch64-telechips-linux/usr/lib/aarch64-telechips-linux/9.2.1/crtbeginS.o -L/home/iwedia-cps/sdk_telechips/sysroots/x86_64-oesdk-linux/usr/lib/aarch64-telechips-linux/gcc/aarch64-telechips-linux/9.2.1 -L/home/iwedia-cps/sdk_telechips/sysroots/aarch64-telechips-linux/lib -L/home/iwedia-cps/sdk_telechips/sysroots/aarch64-telechips-linux/usr/lib/aarch64-telechips-linux/9.2.1 -L/home/iwedia-cps/sdk_telechips/sysroots/aarch64-telechips-linux/usr/lib -O1 --hash-style=gnu --as-needed -z relro -z now CMakeFiles/cmTC_7e83e.dir/CMakeCCompilerABI.c.o -lgcc --push-state --as-needed -lgcc_s --pop-state -lc -lgcc --push-state --as-needed -lgcc_s --pop-state /home/iwedia-cps/sdk_telechips/sysroots/aarch64-telechips-linux/usr/lib/aarch64-telechips-linux/9.2.1/crtendS.o /home/iwedia-cps/sdk_telechips/sysroots/aarch64-telechips-linux/usr/lib/crtn.o
COLLECT_GCC_OPTIONS='--sysroot=/home/iwedia-cps/sdk_telechips/sysroots/aarch64-telechips-linux' '-O2' '-pipe' '-g' '-feliminate-unused-debug-types' '-fstack-protector-strong' '-v' '-o' 'cmTC_7e83e' '-mlittle-endian' '-mabi=lp64'
make[1]: Leaving directory '/home/iwedia-cps/ivi-homescreen/build/CMakeFiles/CMakeTmp'



Parsed C implicit include dir info from above output: rv=done
  found start of include info
  found start of implicit include info
    add: [/home/iwedia-cps/sdk_telechips/sysroots/x86_64-oesdk-linux/usr/lib/aarch64-telechips-linux/gcc/aarch64-telechips-linux/9.2.1/include]
    add: [/home/iwedia-cps/sdk_telechips/sysroots/x86_64-oesdk-linux/usr/lib/aarch64-telechips-linux/gcc/aarch64-telechips-linux/9.2.1/include-fixed]
    add: [/home/iwedia-cps/sdk_telechips/sysroots/aarch64-telechips-linux/usr/include/]
  end of search list found
  collapse include dir [/home/iwedia-cps/sdk_telechips/sysroots/x86_64-oesdk-linux/usr/lib/aarch64-telechips-linux/gcc/aarch64-telechips-linux/9.2.1/include] ==> [/home/iwedia-cps/sdk_telechips/sysroots/x86_64-oesdk-linux/usr/lib/aarch64-telechips-linux/gcc/aarch64-telechips-linux/9.2.1/include]
  collapse include dir [/home/iwedia-cps/sdk_telechips/sysroots/x86_64-oesdk-linux/usr/lib/aarch64-telechips-linux/gcc/aarch64-telechips-linux/9.2.1/include-fixed] ==> [/home/iwedia-cps/sdk_telechips/sysroots/x86_64-oesdk-linux/usr/lib/aarch64-telechips-linux/gcc/aarch64-telechips-linux/9.2.1/include-fixed]
  collapse include dir [/home/iwedia-cps/sdk_telechips/sysroots/aarch64-telechips-linux/usr/include/] ==> [/home/iwedia-cps/sdk_telechips/sysroots/aarch64-telechips-linux/usr/include]
  implicit include dirs: [/home/iwedia-cps/sdk_telechips/sysroots/x86_64-oesdk-linux/usr/lib/aarch64-telechips-linux/gcc/aarch64-telechips-linux/9.2.1/include;/home/iwedia-cps/sdk_telechips/sysroots/x86_64-oesdk-linux/usr/lib/aarch64-telechips-linux/gcc/aarch64-telechips-linux/9.2.1/include-fixed;/home/iwedia-cps/sdk_telechips/sysroots/aarch64-telechips-linux/usr/include]


Parsed C implicit link information from above output:
  link line regex: [^( *|.*[/\])(aarch64-telechips-linux-ld|CMAKE_LINK_STARTFILE-NOTFOUND|([^/\]+-)?ld|collect2)[^/\]*( |$)]
  ignore line: [Change Dir: /home/iwedia-cps/ivi-homescreen/build/CMakeFiles/CMakeTmp]
  ignore line: []
  ignore line: [Run Build Command(s):/usr/bin/make cmTC_7e83e/fast && /usr/bin/make -f CMakeFiles/cmTC_7e83e.dir/build.make CMakeFiles/cmTC_7e83e.dir/build]
  ignore line: [make[1]: Entering directory '/home/iwedia-cps/ivi-homescreen/build/CMakeFiles/CMakeTmp']
  ignore line: [Building C object CMakeFiles/cmTC_7e83e.dir/CMakeCCompilerABI.c.o]
  ignore line: [/home/iwedia-cps/sdk_telechips/sysroots/x86_64-oesdk-linux/usr/bin/aarch64-telechips-linux/aarch64-telechips-linux-gcc --sysroot=/home/iwedia-cps/sdk_telechips/sysroots/aarch64-telechips-linux   -O2 -pipe -g -feliminate-unused-debug-types    -v -o CMakeFiles/cmTC_7e83e.dir/CMakeCCompilerABI.c.o   -c /usr/share/cmake-3.16/Modules/CMakeCCompilerABI.c]
  ignore line: [Using built-in specs.]
  ignore line: [COLLECT_GCC=/home/iwedia-cps/sdk_telechips/sysroots/x86_64-oesdk-linux/usr/bin/aarch64-telechips-linux/aarch64-telechips-linux-gcc]
  ignore line: [Target: aarch64-telechips-linux]
  ignore line: [Configured with: ../../../../../../work-shared/gcc-arm-9.2-r2019.12/gcc-arm-src-snapshot-9.2-2019.12/configure --build=x86_64-linux --host=x86_64-oesdk-linux --target=aarch64-telechips-linux --prefix=/opt/poky-telechips/nodistro.0/sysroots/x86_64-oesdk-linux/usr --exec_prefix=/opt/poky-telechips/nodistro.0/sysroots/x86_64-oesdk-linux/usr --bindir=/opt/poky-telechips/nodistro.0/sysroots/x86_64-oesdk-linux/usr/bin/aarch64-telechips-linux --sbindir=/opt/poky-telechips/nodistro.0/sysroots/x86_64-oesdk-linux/usr/bin/aarch64-telechips-linux --libexecdir=/opt/poky-telechips/nodistro.0/sysroots/x86_64-oesdk-linux/usr/libexec/aarch64-telechips-linux --datadir=/opt/poky-telechips/nodistro.0/sysroots/x86_64-oesdk-linux/usr/share --sysconfdir=/opt/poky-telechips/nodistro.0/sysroots/x86_64-oesdk-linux/etc --sharedstatedir=/opt/poky-telechips/nodistro.0/sysroots/x86_64-oesdk-linux/com --localstatedir=/opt/poky-telechips/nodistro.0/sysroots/x86_64-oesdk-linux/var --libdir=/opt/poky-telechips/nodistro.0/sysroots/x86_64-oesdk-linux/usr/lib/aarch64-telechips-linux --includedir=/opt/poky-telechips/nodistro.0/sysroots/x86_64-oesdk-linux/usr/include --oldincludedir=/opt/poky-telechips/nodistro.0/sysroots/x86_64-oesdk-linux/usr/include --infodir=/opt/poky-telechips/nodistro.0/sysroots/x86_64-oesdk-linux/usr/share/info --mandir=/opt/poky-telechips/nodistro.0/sysroots/x86_64-oesdk-linux/usr/share/man --disable-silent-rules --disable-dependency-tracking --with-libtool-sysroot=/home/workareas/civcic/build-autolinux/build/tcc8050-sub/tmp/work/x86_64-nativesdk-oesdk-linux/gcc-cross-canadian-aarch64/arm-9.2-r2019.12/recipe-sysroot --with-gnu-ld --enable-shared --enable-languages=c,c++ --enable-threads=posix --enable-multilib --enable-default-pie --enable-c99 --enable-long-long --enable-symvers=gnu --enable-libstdcxx-pch --program-prefix=aarch64-telechips-linux- --without-local-prefix --disable-install-libiberty --enable-lto --disable-libssp --enable-libitm --disable-bootstrap --disable-libmudflap --with-system-zlib --with-linker-hash-style=gnu --enable-linker-build-id --with-ppl=no --with-cloog=no --enable-checking=release --enable-cheaders=c_global --without-isl --with-gxx-include-dir=/not/exist/usr/include/c++/9.2.1 --with-build-time-tools=/home/workareas/civcic/build-autolinux/build/tcc8050-sub/tmp/work/x86_64-nativesdk-oesdk-linux/gcc-cross-canadian-aarch64/arm-9.2-r2019.12/recipe-sysroot-native/usr/aarch64-telechips-linux/bin --with-sysroot=/not/exist --with-build-sysroot=/home/workareas/civcic/build-autolinux/build/tcc8050-sub/tmp/work/x86_64-nativesdk-oesdk-linux/gcc-cross-canadian-aarch64/arm-9.2-r2019.12/recipe-sysroot --enable-poison-system-directories --disable-static --enable-nls --with-glibc-version=2.28 --enable-initfini-array --enable-__cxa_atexit]
  ignore line: [Thread model: posix]
  ignore line: [gcc version 9.2.1 20191025 (GCC) ]
  ignore line: [COLLECT_GCC_OPTIONS='--sysroot=/home/iwedia-cps/sdk_telechips/sysroots/aarch64-telechips-linux' '-O2' '-pipe' '-g' '-feliminate-unused-debug-types' '-v' '-o' 'CMakeFiles/cmTC_7e83e.dir/CMakeCCompilerABI.c.o' '-c' '-mlittle-endian' '-mabi=lp64']
  ignore line: [ /home/iwedia-cps/sdk_telechips/sysroots/x86_64-oesdk-linux/usr/libexec/aarch64-telechips-linux/gcc/aarch64-telechips-linux/9.2.1/cc1 -quiet -v -isysroot /home/iwedia-cps/sdk_telechips/sysroots/aarch64-telechips-linux /usr/share/cmake-3.16/Modules/CMakeCCompilerABI.c -quiet -dumpbase CMakeCCompilerABI.c -mlittle-endian -mabi=lp64 -auxbase-strip CMakeFiles/cmTC_7e83e.dir/CMakeCCompilerABI.c.o -g -O2 -version -feliminate-unused-debug-types -o - |]
  ignore line: [ /home/iwedia-cps/sdk_telechips/sysroots/x86_64-oesdk-linux/usr/libexec/aarch64-telechips-linux/gcc/aarch64-telechips-linux/9.2.1/as -v -EL -mabi=lp64 -o CMakeFiles/cmTC_7e83e.dir/CMakeCCompilerABI.c.o]
  ignore line: [GNU assembler version 2.34.0 (aarch64-telechips-linux) using BFD version (GNU Binutils) 2.34.0.20200220]
  ignore line: [GNU C17 (GCC) version 9.2.1 20191025 (aarch64-telechips-linux)]
  ignore line: [	compiled by GNU C version 9.2.1 20191025  GMP version 6.2.0  MPFR version 4.0.2  MPC version 1.1.0  isl version none]
  ignore line: [GGC heuristics: --param ggc-min-expand=100 --param ggc-min-heapsize=131072]
  ignore line: [ignoring nonexistent directory "/home/iwedia-cps/sdk_telechips/sysroots/aarch64-telechips-linux/usr/lib/aarch64-telechips-linux/9.2.1/include"]
  ignore line: [ignoring nonexistent directory "/home/iwedia-cps/sdk_telechips/sysroots/aarch64-telechips-linux/usr/local/include"]
  ignore line: [ignoring nonexistent directory "/home/iwedia-cps/sdk_telechips/sysroots/x86_64-oesdk-linux/usr/lib/aarch64-telechips-linux/gcc/aarch64-telechips-linux/9.2.1/../../../../../aarch64-telechips-linux/include"]
  ignore line: [#include "..." search starts here:]
  ignore line: [#include <...> search starts here:]
  ignore line: [ /home/iwedia-cps/sdk_telechips/sysroots/x86_64-oesdk-linux/usr/lib/aarch64-telechips-linux/gcc/aarch64-telechips-linux/9.2.1/include]
  ignore line: [ /home/iwedia-cps/sdk_telechips/sysroots/x86_64-oesdk-linux/usr/lib/aarch64-telechips-linux/gcc/aarch64-telechips-linux/9.2.1/include-fixed]
  ignore line: [ /home/iwedia-cps/sdk_telechips/sysroots/aarch64-telechips-linux/usr/include/]
  ignore line: [End of search list.]
  ignore line: [GNU C17 (GCC) version 9.2.1 20191025 (aarch64-telechips-linux)]
  ignore line: [	compiled by GNU C version 9.2.1 20191025  GMP version 6.2.0  MPFR version 4.0.2  MPC version 1.1.0  isl version none]
  ignore line: [GGC heuristics: --param ggc-min-expand=100 --param ggc-min-heapsize=131072]
  ignore line: [Compiler executable checksum: 476e76506453def2a52423686663e75d]
  ignore line: [COMPILER_PATH=/home/iwedia-cps/sdk_telechips/sysroots/x86_64-oesdk-linux/usr/libexec/aarch64-telechips-linux/gcc/aarch64-telechips-linux/9.2.1/:/home/iwedia-cps/sdk_telechips/sysroots/x86_64-oesdk-linux/usr/libexec/aarch64-telechips-linux/gcc/aarch64-telechips-linux/9.2.1/:/home/iwedia-cps/sdk_telechips/sysroots/x86_64-oesdk-linux/usr/libexec/aarch64-telechips-linux/gcc/aarch64-telechips-linux/:/home/iwedia-cps/sdk_telechips/sysroots/x86_64-oesdk-linux/usr/lib/aarch64-telechips-linux/gcc/aarch64-telechips-linux/9.2.1/:/home/iwedia-cps/sdk_telechips/sysroots/x86_64-oesdk-linux/usr/lib/aarch64-telechips-linux/gcc/aarch64-telechips-linux/]
  ignore line: [LIBRARY_PATH=/home/iwedia-cps/sdk_telechips/sysroots/x86_64-oesdk-linux/usr/lib/aarch64-telechips-linux/gcc/aarch64-telechips-linux/9.2.1/:/home/iwedia-cps/sdk_telechips/sysroots/aarch64-telechips-linux/lib/:/home/iwedia-cps/sdk_telechips/sysroots/aarch64-telechips-linux/usr/lib/aarch64-telechips-linux/9.2.1/:/home/iwedia-cps/sdk_telechips/sysroots/aarch64-telechips-linux/usr/lib/]
  ignore line: [COLLECT_GCC_OPTIONS='--sysroot=/home/iwedia-cps/sdk_telechips/sysroots/aarch64-telechips-linux' '-O2' '-pipe' '-g' '-feliminate-unused-debug-types' '-v' '-o' 'CMakeFiles/cmTC_7e83e.dir/CMakeCCompilerABI.c.o' '-c' '-mlittle-endian' '-mabi=lp64']
  ignore line: [Linking C executable cmTC_7e83e]
  ignore line: [/usr/bin/cmake -E cmake_link_script CMakeFiles/cmTC_7e83e.dir/link.txt --verbose=1]
  ignore line: [/home/iwedia-cps/sdk_telechips/sysroots/x86_64-oesdk-linux/usr/bin/aarch64-telechips-linux/aarch64-telechips-linux-gcc --sysroot=/home/iwedia-cps/sdk_telechips/sysroots/aarch64-telechips-linux -O2 -pipe -g -feliminate-unused-debug-types   -Wl -O1 -Wl --hash-style=gnu -Wl --as-needed -fstack-protector-strong -Wl -z relro -z now -v CMakeFiles/cmTC_7e83e.dir/CMakeCCompilerABI.c.o  -o cmTC_7e83e ]
  ignore line: [Using built-in specs.]
  ignore line: [COLLECT_GCC=/home/iwedia-cps/sdk_telechips/sysroots/x86_64-oesdk-linux/usr/bin/aarch64-telechips-linux/aarch64-telechips-linux-gcc]
  ignore line: [COLLECT_LTO_WRAPPER=/home/iwedia-cps/sdk_telechips/sysroots/x86_64-oesdk-linux/usr/libexec/aarch64-telechips-linux/gcc/aarch64-telechips-linux/9.2.1/lto-wrapper]
  ignore line: [Target: aarch64-telechips-linux]
  ignore line: [Configured with: ../../../../../../work-shared/gcc-arm-9.2-r2019.12/gcc-arm-src-snapshot-9.2-2019.12/configure --build=x86_64-linux --host=x86_64-oesdk-linux --target=aarch64-telechips-linux --prefix=/opt/poky-telechips/nodistro.0/sysroots/x86_64-oesdk-linux/usr --exec_prefix=/opt/poky-telechips/nodistro.0/sysroots/x86_64-oesdk-linux/usr --bindir=/opt/poky-telechips/nodistro.0/sysroots/x86_64-oesdk-linux/usr/bin/aarch64-telechips-linux --sbindir=/opt/poky-telechips/nodistro.0/sysroots/x86_64-oesdk-linux/usr/bin/aarch64-telechips-linux --libexecdir=/opt/poky-telechips/nodistro.0/sysroots/x86_64-oesdk-linux/usr/libexec/aarch64-telechips-linux --datadir=/opt/poky-telechips/nodistro.0/sysroots/x86_64-oesdk-linux/usr/share --sysconfdir=/opt/poky-telechips/nodistro.0/sysroots/x86_64-oesdk-linux/etc --sharedstatedir=/opt/poky-telechips/nodistro.0/sysroots/x86_64-oesdk-linux/com --localstatedir=/opt/poky-telechips/nodistro.0/sysroots/x86_64-oesdk-linux/var --libdir=/opt/poky-telechips/nodistro.0/sysroots/x86_64-oesdk-linux/usr/lib/aarch64-telechips-linux --includedir=/opt/poky-telechips/nodistro.0/sysroots/x86_64-oesdk-linux/usr/include --oldincludedir=/opt/poky-telechips/nodistro.0/sysroots/x86_64-oesdk-linux/usr/include --infodir=/opt/poky-telechips/nodistro.0/sysroots/x86_64-oesdk-linux/usr/share/info --mandir=/opt/poky-telechips/nodistro.0/sysroots/x86_64-oesdk-linux/usr/share/man --disable-silent-rules --disable-dependency-tracking --with-libtool-sysroot=/home/workareas/civcic/build-autolinux/build/tcc8050-sub/tmp/work/x86_64-nativesdk-oesdk-linux/gcc-cross-canadian-aarch64/arm-9.2-r2019.12/recipe-sysroot --with-gnu-ld --enable-shared --enable-languages=c,c++ --enable-threads=posix --enable-multilib --enable-default-pie --enable-c99 --enable-long-long --enable-symvers=gnu --enable-libstdcxx-pch --program-prefix=aarch64-telechips-linux- --without-local-prefix --disable-install-libiberty --enable-lto --disable-libssp --enable-libitm --disable-bootstrap --disable-libmudflap --with-system-zlib --with-linker-hash-style=gnu --enable-linker-build-id --with-ppl=no --with-cloog=no --enable-checking=release --enable-cheaders=c_global --without-isl --with-gxx-include-dir=/not/exist/usr/include/c++/9.2.1 --with-build-time-tools=/home/workareas/civcic/build-autolinux/build/tcc8050-sub/tmp/work/x86_64-nativesdk-oesdk-linux/gcc-cross-canadian-aarch64/arm-9.2-r2019.12/recipe-sysroot-native/usr/aarch64-telechips-linux/bin --with-sysroot=/not/exist --with-build-sysroot=/home/workareas/civcic/build-autolinux/build/tcc8050-sub/tmp/work/x86_64-nativesdk-oesdk-linux/gcc-cross-canadian-aarch64/arm-9.2-r2019.12/recipe-sysroot --enable-poison-system-directories --disable-static --enable-nls --with-glibc-version=2.28 --enable-initfini-array --enable-__cxa_atexit]
  ignore line: [Thread model: posix]
  ignore line: [gcc version 9.2.1 20191025 (GCC) ]
  ignore line: [COMPILER_PATH=/home/iwedia-cps/sdk_telechips/sysroots/x86_64-oesdk-linux/usr/libexec/aarch64-telechips-linux/gcc/aarch64-telechips-linux/9.2.1/:/home/iwedia-cps/sdk_telechips/sysroots/x86_64-oesdk-linux/usr/libexec/aarch64-telechips-linux/gcc/aarch64-telechips-linux/9.2.1/:/home/iwedia-cps/sdk_telechips/sysroots/x86_64-oesdk-linux/usr/libexec/aarch64-telechips-linux/gcc/aarch64-telechips-linux/:/home/iwedia-cps/sdk_telechips/sysroots/x86_64-oesdk-linux/usr/lib/aarch64-telechips-linux/gcc/aarch64-telechips-linux/9.2.1/:/home/iwedia-cps/sdk_telechips/sysroots/x86_64-oesdk-linux/usr/lib/aarch64-telechips-linux/gcc/aarch64-telechips-linux/]
  ignore line: [LIBRARY_PATH=/home/iwedia-cps/sdk_telechips/sysroots/x86_64-oesdk-linux/usr/lib/aarch64-telechips-linux/gcc/aarch64-telechips-linux/9.2.1/:/home/iwedia-cps/sdk_telechips/sysroots/aarch64-telechips-linux/lib/:/home/iwedia-cps/sdk_telechips/sysroots/aarch64-telechips-linux/usr/lib/aarch64-telechips-linux/9.2.1/:/home/iwedia-cps/sdk_telechips/sysroots/aarch64-telechips-linux/usr/lib/]
  ignore line: [COLLECT_GCC_OPTIONS='--sysroot=/home/iwedia-cps/sdk_telechips/sysroots/aarch64-telechips-linux' '-O2' '-pipe' '-g' '-feliminate-unused-debug-types' '-fstack-protector-strong' '-v' '-o' 'cmTC_7e83e' '-mlittle-endian' '-mabi=lp64']
  link line: [ /home/iwedia-cps/sdk_telechips/sysroots/x86_64-oesdk-linux/usr/libexec/aarch64-telechips-linux/gcc/aarch64-telechips-linux/9.2.1/collect2 -plugin /home/iwedia-cps/sdk_telechips/sysroots/x86_64-oesdk-linux/usr/libexec/aarch64-telechips-linux/gcc/aarch64-telechips-linux/9.2.1/liblto_plugin.so -plugin-opt=/home/iwedia-cps/sdk_telechips/sysroots/x86_64-oesdk-linux/usr/libexec/aarch64-telechips-linux/gcc/aarch64-telechips-linux/9.2.1/lto-wrapper -plugin-opt=-fresolution=/tmp/ccjc5YyN.res -plugin-opt=-pass-through=-lgcc -plugin-opt=-pass-through=-lgcc_s -plugin-opt=-pass-through=-lc -plugin-opt=-pass-through=-lgcc -plugin-opt=-pass-through=-lgcc_s --sysroot=/home/iwedia-cps/sdk_telechips/sysroots/aarch64-telechips-linux --build-id --eh-frame-hdr --hash-style=gnu -dynamic-linker /lib/ld-linux-aarch64.so.1 -X -EL -maarch64linux -pie -o cmTC_7e83e /home/iwedia-cps/sdk_telechips/sysroots/aarch64-telechips-linux/usr/lib/Scrt1.o /home/iwedia-cps/sdk_telechips/sysroots/aarch64-telechips-linux/usr/lib/crti.o /home/iwedia-cps/sdk_telechips/sysroots/aarch64-telechips-linux/usr/lib/aarch64-telechips-linux/9.2.1/crtbeginS.o -L/home/iwedia-cps/sdk_telechips/sysroots/x86_64-oesdk-linux/usr/lib/aarch64-telechips-linux/gcc/aarch64-telechips-linux/9.2.1 -L/home/iwedia-cps/sdk_telechips/sysroots/aarch64-telechips-linux/lib -L/home/iwedia-cps/sdk_telechips/sysroots/aarch64-telechips-linux/usr/lib/aarch64-telechips-linux/9.2.1 -L/home/iwedia-cps/sdk_telechips/sysroots/aarch64-telechips-linux/usr/lib -O1 --hash-style=gnu --as-needed -z relro -z now CMakeFiles/cmTC_7e83e.dir/CMakeCCompilerABI.c.o -lgcc --push-state --as-needed -lgcc_s --pop-state -lc -lgcc --push-state --as-needed -lgcc_s --pop-state /home/iwedia-cps/sdk_telechips/sysroots/aarch64-telechips-linux/usr/lib/aarch64-telechips-linux/9.2.1/crtendS.o /home/iwedia-cps/sdk_telechips/sysroots/aarch64-telechips-linux/usr/lib/crtn.o]
    arg [/home/iwedia-cps/sdk_telechips/sysroots/x86_64-oesdk-linux/usr/libexec/aarch64-telechips-linux/gcc/aarch64-telechips-linux/9.2.1/collect2] ==> ignore
    arg [-plugin] ==> ignore
    arg [/home/iwedia-cps/sdk_telechips/sysroots/x86_64-oesdk-linux/usr/libexec/aarch64-telechips-linux/gcc/aarch64-telechips-linux/9.2.1/liblto_plugin.so] ==> ignore
    arg [-plugin-opt=/home/iwedia-cps/sdk_telechips/sysroots/x86_64-oesdk-linux/usr/libexec/aarch64-telechips-linux/gcc/aarch64-telechips-linux/9.2.1/lto-wrapper] ==> ignore
    arg [-plugin-opt=-fresolution=/tmp/ccjc5YyN.res] ==> ignore
    arg [-plugin-opt=-pass-through=-lgcc] ==> ignore
    arg [-plugin-opt=-pass-through=-lgcc_s] ==> ignore
    arg [-plugin-opt=-pass-through=-lc] ==> ignore
    arg [-plugin-opt=-pass-through=-lgcc] ==> ignore
    arg [-plugin-opt=-pass-through=-lgcc_s] ==> ignore
    arg [--sysroot=/home/iwedia-cps/sdk_telechips/sysroots/aarch64-telechips-linux] ==> ignore
    arg [--build-id] ==> ignore
    arg [--eh-frame-hdr] ==> ignore
    arg [--hash-style=gnu] ==> ignore
    arg [-dynamic-linker] ==> ignore
    arg [/lib/ld-linux-aarch64.so.1] ==> ignore
    arg [-X] ==> ignore
    arg [-EL] ==> ignore
    arg [-maarch64linux] ==> ignore
    arg [-pie] ==> ignore
    arg [-o] ==> ignore
    arg [cmTC_7e83e] ==> ignore
    arg [/home/iwedia-cps/sdk_telechips/sysroots/aarch64-telechips-linux/usr/lib/Scrt1.o] ==> ignore
    arg [/home/iwedia-cps/sdk_telechips/sysroots/aarch64-telechips-linux/usr/lib/crti.o] ==> ignore
    arg [/home/iwedia-cps/sdk_telechips/sysroots/aarch64-telechips-linux/usr/lib/aarch64-telechips-linux/9.2.1/crtbeginS.o] ==> ignore
    arg [-L/home/iwedia-cps/sdk_telechips/sysroots/x86_64-oesdk-linux/usr/lib/aarch64-telechips-linux/gcc/aarch64-telechips-linux/9.2.1] ==> dir [/home/iwedia-cps/sdk_telechips/sysroots/x86_64-oesdk-linux/usr/lib/aarch64-telechips-linux/gcc/aarch64-telechips-linux/9.2.1]
    arg [-L/home/iwedia-cps/sdk_telechips/sysroots/aarch64-telechips-linux/lib] ==> dir [/home/iwedia-cps/sdk_telechips/sysroots/aarch64-telechips-linux/lib]
    arg [-L/home/iwedia-cps/sdk_telechips/sysroots/aarch64-telechips-linux/usr/lib/aarch64-telechips-linux/9.2.1] ==> dir [/home/iwedia-cps/sdk_telechips/sysroots/aarch64-telechips-linux/usr/lib/aarch64-telechips-linux/9.2.1]
    arg [-L/home/iwedia-cps/sdk_telechips/sysroots/aarch64-telechips-linux/usr/lib] ==> dir [/home/iwedia-cps/sdk_telechips/sysroots/aarch64-telechips-linux/usr/lib]
    arg [-O1] ==> ignore
    arg [--hash-style=gnu] ==> ignore
    arg [--as-needed] ==> ignore
    arg [-zrelro] ==> ignore
    arg [-znow] ==> ignore
    arg [CMakeFiles/cmTC_7e83e.dir/CMakeCCompilerABI.c.o] ==> ignore
    arg [-lgcc] ==> lib [gcc]
    arg [--push-state] ==> ignore
    arg [--as-needed] ==> ignore
    arg [-lgcc_s] ==> lib [gcc_s]
    arg [--pop-state] ==> ignore
    arg [-lc] ==> lib [c]
    arg [-lgcc] ==> lib [gcc]
    arg [--push-state] ==> ignore
    arg [--as-needed] ==> ignore
    arg [-lgcc_s] ==> lib [gcc_s]
    arg [--pop-state] ==> ignore
    arg [/home/iwedia-cps/sdk_telechips/sysroots/aarch64-telechips-linux/usr/lib/aarch64-telechips-linux/9.2.1/crtendS.o] ==> ignore
    arg [/home/iwedia-cps/sdk_telechips/sysroots/aarch64-telechips-linux/usr/lib/crtn.o] ==> ignore
  collapse library dir [/home/iwedia-cps/sdk_telechips/sysroots/x86_64-oesdk-linux/usr/lib/aarch64-telechips-linux/gcc/aarch64-telechips-linux/9.2.1] ==> [/home/iwedia-cps/sdk_telechips/sysroots/x86_64-oesdk-linux/usr/lib/aarch64-telechips-linux/gcc/aarch64-telechips-linux/9.2.1]
  collapse library dir [/home/iwedia-cps/sdk_telechips/sysroots/aarch64-telechips-linux/lib] ==> [/home/iwedia-cps/sdk_telechips/sysroots/aarch64-telechips-linux/lib]
  collapse library dir [/home/iwedia-cps/sdk_telechips/sysroots/aarch64-telechips-linux/usr/lib/aarch64-telechips-linux/9.2.1] ==> [/home/iwedia-cps/sdk_telechips/sysroots/aarch64-telechips-linux/usr/lib/aarch64-telechips-linux/9.2.1]
  collapse library dir [/home/iwedia-cps/sdk_telechips/sysroots/aarch64-telechips-linux/usr/lib] ==> [/home/iwedia-cps/sdk_telechips/sysroots/aarch64-telechips-linux/usr/lib]
  implicit libs: [gcc;gcc_s;c;gcc;gcc_s]
  implicit dirs: [/home/iwedia-cps/sdk_telechips/sysroots/x86_64-oesdk-linux/usr/lib/aarch64-telechips-linux/gcc/aarch64-telechips-linux/9.2.1;/home/iwedia-cps/sdk_telechips/sysroots/aarch64-telechips-linux/lib;/home/iwedia-cps/sdk_telechips/sysroots/aarch64-telechips-linux/usr/lib/aarch64-telechips-linux/9.2.1;/home/iwedia-cps/sdk_telechips/sysroots/aarch64-telechips-linux/usr/lib]
  implicit fwks: []


Determining if the include file pthread.h exists passed with the following output:
Change Dir: /home/iwedia-cps/ivi-homescreen/build/CMakeFiles/CMakeTmp

Run Build Command(s):/usr/bin/make cmTC_3db2b/fast && /usr/bin/make -f CMakeFiles/cmTC_3db2b.dir/build.make CMakeFiles/cmTC_3db2b.dir/build
make[1]: Entering directory '/home/iwedia-cps/ivi-homescreen/build/CMakeFiles/CMakeTmp'
Building C object CMakeFiles/cmTC_3db2b.dir/CheckIncludeFile.c.o
/home/iwedia-cps/sdk_telechips/sysroots/x86_64-oesdk-linux/usr/bin/aarch64-telechips-linux/aarch64-telechips-linux-gcc --sysroot=/home/iwedia-cps/sdk_telechips/sysroots/aarch64-telechips-linux   -O2 -pipe -g -feliminate-unused-debug-types  -fPIE   -o CMakeFiles/cmTC_3db2b.dir/CheckIncludeFile.c.o   -c /home/iwedia-cps/ivi-homescreen/build/CMakeFiles/CMakeTmp/CheckIncludeFile.c
Linking C executable cmTC_3db2b
/usr/bin/cmake -E cmake_link_script CMakeFiles/cmTC_3db2b.dir/link.txt --verbose=1
/home/iwedia-cps/sdk_telechips/sysroots/x86_64-oesdk-linux/usr/bin/aarch64-telechips-linux/aarch64-telechips-linux-gcc --sysroot=/home/iwedia-cps/sdk_telechips/sysroots/aarch64-telechips-linux -O2 -pipe -g -feliminate-unused-debug-types   -Wl,-O1 -Wl,--hash-style=gnu -Wl,--as-needed -fstack-protector-strong -Wl,-z,relro,-z,now -Wl,--no-undefined -Wl,--build-id=sha1 -Wl,--gc-sections -Wl,--as-needed  CMakeFiles/cmTC_3db2b.dir/CheckIncludeFile.c.o  -o cmTC_3db2b 
make[1]: Leaving directory '/home/iwedia-cps/ivi-homescreen/build/CMakeFiles/CMakeTmp'



Determining if the function pthread_create exists in the pthread passed with the following output:
Change Dir: /home/iwedia-cps/ivi-homescreen/build/CMakeFiles/CMakeTmp

Run Build Command(s):/usr/bin/make cmTC_892aa/fast && /usr/bin/make -f CMakeFiles/cmTC_892aa.dir/build.make CMakeFiles/cmTC_892aa.dir/build
make[1]: Entering directory '/home/iwedia-cps/ivi-homescreen/build/CMakeFiles/CMakeTmp'
Building C object CMakeFiles/cmTC_892aa.dir/CheckFunctionExists.c.o
/home/iwedia-cps/sdk_telechips/sysroots/x86_64-oesdk-linux/usr/bin/aarch64-telechips-linux/aarch64-telechips-linux-gcc --sysroot=/home/iwedia-cps/sdk_telechips/sysroots/aarch64-telechips-linux   -O2 -pipe -g -feliminate-unused-debug-types -DCHECK_FUNCTION_EXISTS=pthread_create -fPIE   -o CMakeFiles/cmTC_892aa.dir/CheckFunctionExists.c.o   -c /usr/share/cmake-3.16/Modules/CheckFunctionExists.c
Linking C executable cmTC_892aa
/usr/bin/cmake -E cmake_link_script CMakeFiles/cmTC_892aa.dir/link.txt --verbose=1
/home/iwedia-cps/sdk_telechips/sysroots/x86_64-oesdk-linux/usr/bin/aarch64-telechips-linux/aarch64-telechips-linux-gcc --sysroot=/home/iwedia-cps/sdk_telechips/sysroots/aarch64-telechips-linux -O2 -pipe -g -feliminate-unused-debug-types -DCHECK_FUNCTION_EXISTS=pthread_create  -Wl,-O1 -Wl,--hash-style=gnu -Wl,--as-needed -fstack-protector-strong -Wl,-z,relro,-z,now -Wl,--no-undefined -Wl,--build-id=sha1 -Wl,--gc-sections -Wl,--as-needed  CMakeFiles/cmTC_892aa.dir/CheckFunctionExists.c.o  -o cmTC_892aa  -lpthread 
make[1]: Leaving directory '/home/iwedia-cps/ivi-homescreen/build/CMakeFiles/CMakeTmp'



