Compiling the CXX compiler identification source file "CMakeCXXCompilerId.cpp" failed.
Compiler: /home/iwedia-cps/sdk_telechips/sysroots/x86_64-oesdk-linux/usr/bin/aarch64-telechips-linux/aarch64-telechips-linux-g++ 
Build flags: ;-O2;-pipe;-g;-feliminate-unused-debug-types;
Id flags:  

The output was:
1
/home/iwedia-cps/sdk_telechips/sysroots/x86_64-oesdk-linux/usr/libexec/aarch64-telechips-linux/gcc/aarch64-telechips-linux/9.2.1/real-ld: cannot find Scrt1.o: No such file or directory
/home/iwedia-cps/sdk_telechips/sysroots/x86_64-oesdk-linux/usr/libexec/aarch64-telechips-linux/gcc/aarch64-telechips-linux/9.2.1/real-ld: cannot find crti.o: No such file or directory
/home/iwedia-cps/sdk_telechips/sysroots/x86_64-oesdk-linux/usr/libexec/aarch64-telechips-linux/gcc/aarch64-telechips-linux/9.2.1/real-ld: cannot find crtbeginS.o: No such file or directory
/home/iwedia-cps/sdk_telechips/sysroots/x86_64-oesdk-linux/usr/libexec/aarch64-telechips-linux/gcc/aarch64-telechips-linux/9.2.1/real-ld: cannot find -lstdc++
/home/iwedia-cps/sdk_telechips/sysroots/x86_64-oesdk-linux/usr/libexec/aarch64-telechips-linux/gcc/aarch64-telechips-linux/9.2.1/real-ld: cannot find -lm
/home/iwedia-cps/sdk_telechips/sysroots/x86_64-oesdk-linux/usr/libexec/aarch64-telechips-linux/gcc/aarch64-telechips-linux/9.2.1/real-ld: cannot find -lgcc_s
/home/iwedia-cps/sdk_telechips/sysroots/x86_64-oesdk-linux/usr/libexec/aarch64-telechips-linux/gcc/aarch64-telechips-linux/9.2.1/real-ld: cannot find -lgcc
/home/iwedia-cps/sdk_telechips/sysroots/x86_64-oesdk-linux/usr/libexec/aarch64-telechips-linux/gcc/aarch64-telechips-linux/9.2.1/real-ld: cannot find -lc
/home/iwedia-cps/sdk_telechips/sysroots/x86_64-oesdk-linux/usr/libexec/aarch64-telechips-linux/gcc/aarch64-telechips-linux/9.2.1/real-ld: cannot find -lgcc_s
/home/iwedia-cps/sdk_telechips/sysroots/x86_64-oesdk-linux/usr/libexec/aarch64-telechips-linux/gcc/aarch64-telechips-linux/9.2.1/real-ld: cannot find -lgcc
/home/iwedia-cps/sdk_telechips/sysroots/x86_64-oesdk-linux/usr/libexec/aarch64-telechips-linux/gcc/aarch64-telechips-linux/9.2.1/real-ld: cannot find crtendS.o: No such file or directory
/home/iwedia-cps/sdk_telechips/sysroots/x86_64-oesdk-linux/usr/libexec/aarch64-telechips-linux/gcc/aarch64-telechips-linux/9.2.1/real-ld: cannot find crtn.o: No such file or directory
collect2: error: ld returned 1 exit status


Compiling the C compiler identification source file "CMakeCCompilerId.c" failed.
Compiler: /home/iwedia-cps/sdk_telechips/sysroots/x86_64-oesdk-linux/usr/bin/aarch64-telechips-linux/aarch64-telechips-linux-gcc 
Build flags: ;-O2;-pipe;-g;-feliminate-unused-debug-types;
Id flags:  

The output was:
1
/home/iwedia-cps/sdk_telechips/sysroots/x86_64-oesdk-linux/usr/libexec/aarch64-telechips-linux/gcc/aarch64-telechips-linux/9.2.1/real-ld: cannot find Scrt1.o: No such file or directory
/home/iwedia-cps/sdk_telechips/sysroots/x86_64-oesdk-linux/usr/libexec/aarch64-telechips-linux/gcc/aarch64-telechips-linux/9.2.1/real-ld: cannot find crti.o: No such file or directory
/home/iwedia-cps/sdk_telechips/sysroots/x86_64-oesdk-linux/usr/libexec/aarch64-telechips-linux/gcc/aarch64-telechips-linux/9.2.1/real-ld: cannot find crtbeginS.o: No such file or directory
/home/iwedia-cps/sdk_telechips/sysroots/x86_64-oesdk-linux/usr/libexec/aarch64-telechips-linux/gcc/aarch64-telechips-linux/9.2.1/real-ld: cannot find -lgcc
/home/iwedia-cps/sdk_telechips/sysroots/x86_64-oesdk-linux/usr/libexec/aarch64-telechips-linux/gcc/aarch64-telechips-linux/9.2.1/real-ld: cannot find -lgcc_s
/home/iwedia-cps/sdk_telechips/sysroots/x86_64-oesdk-linux/usr/libexec/aarch64-telechips-linux/gcc/aarch64-telechips-linux/9.2.1/real-ld: cannot find -lc
/home/iwedia-cps/sdk_telechips/sysroots/x86_64-oesdk-linux/usr/libexec/aarch64-telechips-linux/gcc/aarch64-telechips-linux/9.2.1/real-ld: cannot find -lgcc
/home/iwedia-cps/sdk_telechips/sysroots/x86_64-oesdk-linux/usr/libexec/aarch64-telechips-linux/gcc/aarch64-telechips-linux/9.2.1/real-ld: cannot find -lgcc_s
/home/iwedia-cps/sdk_telechips/sysroots/x86_64-oesdk-linux/usr/libexec/aarch64-telechips-linux/gcc/aarch64-telechips-linux/9.2.1/real-ld: cannot find crtendS.o: No such file or directory
/home/iwedia-cps/sdk_telechips/sysroots/x86_64-oesdk-linux/usr/libexec/aarch64-telechips-linux/gcc/aarch64-telechips-linux/9.2.1/real-ld: cannot find crtn.o: No such file or directory
collect2: error: ld returned 1 exit status


Performing C SOURCE FILE Test CMAKE_HAVE_LIBC_PTHREAD failed with the following output:
Change Dir: /home/iwedia-cps/ivi-homescreen/build/CMakeFiles/CMakeTmp

Run Build Command(s):/usr/bin/make cmTC_ac457/fast && /usr/bin/make -f CMakeFiles/cmTC_ac457.dir/build.make CMakeFiles/cmTC_ac457.dir/build
make[1]: Entering directory '/home/iwedia-cps/ivi-homescreen/build/CMakeFiles/CMakeTmp'
Building C object CMakeFiles/cmTC_ac457.dir/src.c.o
/home/iwedia-cps/sdk_telechips/sysroots/x86_64-oesdk-linux/usr/bin/aarch64-telechips-linux/aarch64-telechips-linux-gcc --sysroot=/home/iwedia-cps/sdk_telechips/sysroots/aarch64-telechips-linux   -O2 -pipe -g -feliminate-unused-debug-types -DCMAKE_HAVE_LIBC_PTHREAD -fPIE   -o CMakeFiles/cmTC_ac457.dir/src.c.o   -c /home/iwedia-cps/ivi-homescreen/build/CMakeFiles/CMakeTmp/src.c
Linking C executable cmTC_ac457
/usr/bin/cmake -E cmake_link_script CMakeFiles/cmTC_ac457.dir/link.txt --verbose=1
/home/iwedia-cps/sdk_telechips/sysroots/x86_64-oesdk-linux/usr/bin/aarch64-telechips-linux/aarch64-telechips-linux-gcc --sysroot=/home/iwedia-cps/sdk_telechips/sysroots/aarch64-telechips-linux -O2 -pipe -g -feliminate-unused-debug-types -DCMAKE_HAVE_LIBC_PTHREAD  -Wl,-O1 -Wl,--hash-style=gnu -Wl,--as-needed -fstack-protector-strong -Wl,-z,relro,-z,now -Wl,--no-undefined -Wl,--build-id=sha1 -Wl,--gc-sections -Wl,--as-needed  CMakeFiles/cmTC_ac457.dir/src.c.o  -o cmTC_ac457 
/home/iwedia-cps/sdk_telechips/sysroots/x86_64-oesdk-linux/usr/libexec/aarch64-telechips-linux/gcc/aarch64-telechips-linux/9.2.1/real-ld: CMakeFiles/cmTC_ac457.dir/src.c.o: in function `main':
/home/iwedia-cps/ivi-homescreen/build/CMakeFiles/CMakeTmp/src.c:11: undefined reference to `pthread_create'
/home/iwedia-cps/sdk_telechips/sysroots/x86_64-oesdk-linux/usr/libexec/aarch64-telechips-linux/gcc/aarch64-telechips-linux/9.2.1/real-ld: /home/iwedia-cps/ivi-homescreen/build/CMakeFiles/CMakeTmp/src.c:12: undefined reference to `pthread_detach'
/home/iwedia-cps/sdk_telechips/sysroots/x86_64-oesdk-linux/usr/libexec/aarch64-telechips-linux/gcc/aarch64-telechips-linux/9.2.1/real-ld: /home/iwedia-cps/ivi-homescreen/build/CMakeFiles/CMakeTmp/src.c:13: undefined reference to `pthread_join'
collect2: error: ld returned 1 exit status
make[1]: *** [CMakeFiles/cmTC_ac457.dir/build.make:87: cmTC_ac457] Error 1
make[1]: Leaving directory '/home/iwedia-cps/ivi-homescreen/build/CMakeFiles/CMakeTmp'
make: *** [Makefile:121: cmTC_ac457/fast] Error 2


Source file was:
#include <pthread.h>

void* test_func(void* data)
{
  return data;
}

int main(void)
{
  pthread_t thread;
  pthread_create(&thread, NULL, test_func, NULL);
  pthread_detach(thread);
  pthread_join(thread, NULL);
  pthread_atfork(NULL, NULL, NULL);
  pthread_exit(NULL);

  return 0;
}

Determining if the function pthread_create exists in the pthreads failed with the following output:
Change Dir: /home/iwedia-cps/ivi-homescreen/build/CMakeFiles/CMakeTmp

Run Build Command(s):/usr/bin/make cmTC_58d1d/fast && /usr/bin/make -f CMakeFiles/cmTC_58d1d.dir/build.make CMakeFiles/cmTC_58d1d.dir/build
make[1]: Entering directory '/home/iwedia-cps/ivi-homescreen/build/CMakeFiles/CMakeTmp'
Building C object CMakeFiles/cmTC_58d1d.dir/CheckFunctionExists.c.o
/home/iwedia-cps/sdk_telechips/sysroots/x86_64-oesdk-linux/usr/bin/aarch64-telechips-linux/aarch64-telechips-linux-gcc --sysroot=/home/iwedia-cps/sdk_telechips/sysroots/aarch64-telechips-linux   -O2 -pipe -g -feliminate-unused-debug-types -DCHECK_FUNCTION_EXISTS=pthread_create -fPIE   -o CMakeFiles/cmTC_58d1d.dir/CheckFunctionExists.c.o   -c /usr/share/cmake-3.16/Modules/CheckFunctionExists.c
Linking C executable cmTC_58d1d
/usr/bin/cmake -E cmake_link_script CMakeFiles/cmTC_58d1d.dir/link.txt --verbose=1
/home/iwedia-cps/sdk_telechips/sysroots/x86_64-oesdk-linux/usr/bin/aarch64-telechips-linux/aarch64-telechips-linux-gcc --sysroot=/home/iwedia-cps/sdk_telechips/sysroots/aarch64-telechips-linux -O2 -pipe -g -feliminate-unused-debug-types -DCHECK_FUNCTION_EXISTS=pthread_create  -Wl,-O1 -Wl,--hash-style=gnu -Wl,--as-needed -fstack-protector-strong -Wl,-z,relro,-z,now -Wl,--no-undefined -Wl,--build-id=sha1 -Wl,--gc-sections -Wl,--as-needed  CMakeFiles/cmTC_58d1d.dir/CheckFunctionExists.c.o  -o cmTC_58d1d  -lpthreads 
/home/iwedia-cps/sdk_telechips/sysroots/x86_64-oesdk-linux/usr/libexec/aarch64-telechips-linux/gcc/aarch64-telechips-linux/9.2.1/real-ld: cannot find -lpthreads
collect2: error: ld returned 1 exit status
make[1]: *** [CMakeFiles/cmTC_58d1d.dir/build.make:87: cmTC_58d1d] Error 1
make[1]: Leaving directory '/home/iwedia-cps/ivi-homescreen/build/CMakeFiles/CMakeTmp'
make: *** [Makefile:121: cmTC_58d1d/fast] Error 2



